#
# A fatal error has been detected by the Java Runtime Environment:
#
#  SIGSEGV (0xb) at pc=0x000000010eea6231, pid=9851, tid=6147
#
# JRE version: Java(TM) SE Runtime Environment (10.0.2+13) (build 10.0.2+13)
# Java VM: Java HotSpot(TM) 64-Bit Server VM (10.0.2+13, mixed mode, tiered, compressed oops, g1 gc, bsd-amd64)
# Problematic frame:
# V  [libjvm.dylib+0x6a6231]  ResolvedMethodTable::add_method(Handle)+0x61
#
# No core dump will be written. Core dumps have been disabled. To enable core dumping, try "ulimit -c unlimited" before starting Java again
#
# If you would like to submit a bug report, please visit:
#   http://bugreport.java.com/bugreport/crash.jsp
#

---------------  S U M M A R Y ------------

Command Line: -agentlib:jdwp=transport=dt_socket,address=127.0.0.1:53735,suspend=y,server=n -Dorg.jetbrains.run.directory=/Users/Q-Assure/Downloads/acessHq/src/test/resources/features -javaagent:/Users/Q-Assure/Library/Caches/IdeaIC2018.2/captureAgent/debugger-agent.jar=file:/private/var/folders/f6/vf2y3lw10y14fh1nz7pn5slc0000gq/T/capture.props -Dfile.encoding=UTF-8 cucumber.api.cli.Main --plugin org.jetbrains.plugins.cucumber.java.run.CucumberJvmSMFormatter --monochrome --glue stepdefs /Users/Q-Assure/Downloads/acessHq/src/test/resources/features/Weather.feature

Host: MacBookPro12,1 x86_64 2700 MHz, 4 cores, 8G, Darwin 17.7.0
Time: Sat Feb 16 23:58:16 2019 AEDT elapsed time: 372 seconds (0d 0h 6m 12s)

---------------  T H R E A D  ---------------

Current thread (0x00007fef7000d800):  JavaThread "main" [_thread_in_vm, id=6147, stack(0x000000010de7e000,0x000000010df7e000)]

Stack: [0x000000010de7e000,0x000000010df7e000],  sp=0x000000010df7a230,  free space=1008k
Native frames: (J=compiled Java code, A=aot compiled Java code, j=interpreted, Vv=VM code, C=native code)
V  [libjvm.dylib+0x6a6231]  ResolvedMethodTable::add_method(Handle)+0x61
V  [libjvm.dylib+0x50fb1d]  CallInfo::set_resolved_method_name(Thread*)+0x5d
V  [libjvm.dylib+0x50fa1e]  CallInfo::CallInfo(Method*, Klass*, Thread*)+0x1d6
V  [libjvm.dylib+0x3de0e5]  java_lang_StackFrameInfo::set_method_and_bci(Handle, methodHandle const&, int, Thread*)+0x7f
V  [libjvm.dylib+0x6db27d]  StackWalk::fill_in_frames(long, BaseFrameStream&, int, int, objArrayHandle, int&, Thread*)+0x369
V  [libjvm.dylib+0x6dc26d]  StackWalk::fetchNextBatch(Handle, long, long, int, int, objArrayHandle, Thread*)+0xd9
V  [libjvm.dylib+0x44b96a]  JVM_MoreStackWalk+0x140
j  java.lang.StackStreamFactory$AbstractStackWalker.fetchStackFrames(JJII[Ljava/lang/Object;)I+0 java.base@10.0.2
j  java.lang.StackStreamFactory$AbstractStackWalker.fetchStackFrames(I)I+35 java.base@10.0.2
j  java.lang.StackStreamFactory$AbstractStackWalker.getNextBatch()I+61 java.base@10.0.2
j  java.lang.StackStreamFactory$AbstractStackWalker.peekFrame()Ljava/lang/Class;+32 java.base@10.0.2
j  java.lang.StackStreamFactory$AbstractStackWalker.hasNext()Z+1 java.base@10.0.2
j  java.lang.StackStreamFactory$StackFrameTraverser.tryAdvance(Ljava/util/function/Consumer;)Z+16 java.base@10.0.2
j  java.util.stream.ReferencePipeline.forEachWithCancel(Ljava/util/Spliterator;Ljava/util/stream/Sink;)Z+13 java.base@10.0.2
j  java.util.stream.AbstractPipeline.copyIntoWithCancel(Ljava/util/stream/Sink;Ljava/util/Spliterator;)Z+32 java.base@10.0.2
j  java.util.stream.AbstractPipeline.copyInto(Ljava/util/stream/Sink;Ljava/util/Spliterator;)V+49 java.base@10.0.2
J 1739 c1 java.util.stream.AbstractPipeline.wrapAndCopyInto(Ljava/util/stream/Sink;Ljava/util/Spliterator;)Ljava/util/stream/Sink; java.base@10.0.2 (18 bytes) @ 0x000000011cbca134 [0x000000011cbca000+0x0000000000000134]
j  java.util.stream.FindOps$FindOp.evaluateSequential(Ljava/util/stream/PipelineHelper;Ljava/util/Spliterator;)Ljava/lang/Object;+14 java.base@10.0.2
J 1746 c1 java.util.stream.AbstractPipeline.evaluate(Ljava/util/stream/TerminalOp;)Ljava/lang/Object; java.base@10.0.2 (94 bytes) @ 0x000000011cbcd9b4 [0x000000011cbcd560+0x0000000000000454]
j  java.util.stream.ReferencePipeline.findFirst()Ljava/util/Optional;+5 java.base@10.0.2
j  java.util.logging.LogRecord$CallerFinder.lambda$get$1(Ljava/util/stream/Stream;)Ljava/util/Optional;+7 java.logging@10.0.2
j  java.util.logging.LogRecord$CallerFinder$$Lambda$192.apply(Ljava/lang/Object;)Ljava/lang/Object;+8 java.logging@10.0.2
j  java.lang.StackStreamFactory$StackFrameTraverser.consumeFrames()Ljava/lang/Object;+25 java.base@10.0.2
j  java.lang.StackStreamFactory$AbstractStackWalker.doStackWalk(JIIII)Ljava/lang/Object;+78 java.base@10.0.2
v  ~StubRoutines::call_stub
V  [libjvm.dylib+0x3d8c0e]  JavaCalls::call_helper(JavaValue*, methodHandle const&, JavaCallArguments*, Thread*)+0x216
V  [libjvm.dylib+0x6dc085]  StackWalk::fetchFirstBatch(BaseFrameStream&, Handle, long, int, int, int, objArrayHandle, Thread*)+0x437
V  [libjvm.dylib+0x6dbc2c]  StackWalk::walk(Handle, long, int, int, int, objArrayHandle, Thread*)+0x176
V  [libjvm.dylib+0x44b810]  JVM_CallStackWalk+0x19e
j  java.lang.StackStreamFactory$AbstractStackWalker.callStackWalk(JIII[Ljava/lang/Object;)Ljava/lang/Object;+0 java.base@10.0.2
j  java.lang.StackStreamFactory$AbstractStackWalker.beginStackWalk()Ljava/lang/Object;+31 java.base@10.0.2
j  java.lang.StackStreamFactory$AbstractStackWalker.walk()Ljava/lang/Object;+8 java.base@10.0.2
j  java.lang.StackWalker.walk(Ljava/util/function/Function;)Ljava/lang/Object;+10 java.base@10.0.2
j  java.util.logging.LogRecord$CallerFinder.get()Ljava/util/Optional;+9 java.logging@10.0.2
j  java.util.logging.LogRecord.inferCaller()V+12 java.logging@10.0.2
j  java.util.logging.LogRecord.getSourceClassName()Ljava/lang/String;+8 java.logging@10.0.2
j  java.util.logging.SimpleFormatter.format(Ljava/util/logging/LogRecord;)Ljava/lang/String;+12 java.logging@10.0.2
j  java.util.logging.StreamHandler.publish(Ljava/util/logging/LogRecord;)V+14 java.logging@10.0.2
j  java.util.logging.ConsoleHandler.publish(Ljava/util/logging/LogRecord;)V+2 java.logging@10.0.2
j  java.util.logging.Logger.log(Ljava/util/logging/LogRecord;)V+90 java.logging@10.0.2
j  java.util.logging.Logger.doLog(Ljava/util/logging/LogRecord;)V+46 java.logging@10.0.2
j  java.util.logging.Logger.log(Ljava/util/logging/Level;Ljava/lang/String;)V+21 java.logging@10.0.2
j  java.util.logging.Logger.info(Ljava/lang/String;)V+5 java.logging@10.0.2
j  stepdefs.StepDefinitions.iLookUpAndReceiveTheWeatherForecast()V+283
v  ~StubRoutines::call_stub
V  [libjvm.dylib+0x3d8c0e]  JavaCalls::call_helper(JavaValue*, methodHandle const&, JavaCallArguments*, Thread*)+0x216
V  [libjvm.dylib+0x69b6ba]  invoke(InstanceKlass*, methodHandle const&, Handle, bool, objArrayHandle, BasicType, objArrayHandle, bool, Thread*)+0x71d
V  [libjvm.dylib+0x69af53]  Reflection::invoke_method(oopDesc*, Handle, objArrayHandle, Thread*)+0xf7
V  [libjvm.dylib+0x4561bb]  JVM_InvokeMethod+0x1b2
j  jdk.internal.reflect.NativeMethodAccessorImpl.invoke0(Ljava/lang/reflect/Method;Ljava/lang/Object;[Ljava/lang/Object;)Ljava/lang/Object;+0 java.base@10.0.2
j  jdk.internal.reflect.NativeMethodAccessorImpl.invoke(Ljava/lang/Object;[Ljava/lang/Object;)Ljava/lang/Object;+100 java.base@10.0.2
j  jdk.internal.reflect.DelegatingMethodAccessorImpl.invoke(Ljava/lang/Object;[Ljava/lang/Object;)Ljava/lang/Object;+6 java.base@10.0.2
j  java.lang.reflect.Method.invoke(Ljava/lang/Object;[Ljava/lang/Object;)Ljava/lang/Object;+59 java.base@10.0.2
j  cucumber.runtime.Utils$1.call()Ljava/lang/Object;+28
j  cucumber.runtime.Timeout.timeout(Lcucumber/runtime/Timeout$Callback;J)Ljava/lang/Object;+7
j  cucumber.runtime.Utils.invoke(Ljava/lang/Object;Ljava/lang/reflect/Method;J[Ljava/lang/Object;)Ljava/lang/Object;+20
j  cucumber.runtime.java.JavaStepDefinition.execute(Lgherkin/I18n;[Ljava/lang/Object;)V+25
j  cucumber.runtime.StepDefinitionMatch.runStep(Lgherkin/I18n;)V+24
j  cucumber.runtime.Runtime.runStep(Ljava/lang/String;Lgherkin/formatter/model/Step;Lgherkin/formatter/Reporter;Lgherkin/I18n;)V+194
j  cucumber.runtime.model.StepContainer.runStep(Lgherkin/formatter/model/Step;Lgherkin/formatter/Reporter;Lcucumber/runtime/Runtime;)V+17
j  cucumber.runtime.model.StepContainer.runSteps(Lgherkin/formatter/Reporter;Lcucumber/runtime/Runtime;)V+35
j  cucumber.runtime.model.CucumberScenario.run(Lgherkin/formatter/Formatter;Lgherkin/formatter/Reporter;Lcucumber/runtime/Runtime;)V+52
j  cucumber.runtime.model.CucumberFeature.run(Lgherkin/formatter/Formatter;Lgherkin/formatter/Reporter;Lcucumber/runtime/Runtime;)V+58
j  cucumber.runtime.Runtime.run()V+95
j  cucumber.api.cli.Main.run([Ljava/lang/String;Ljava/lang/ClassLoader;)B+55
j  cucumber.api.cli.Main.main([Ljava/lang/String;)V+7
v  ~StubRoutines::call_stub
V  [libjvm.dylib+0x3d8c0e]  JavaCalls::call_helper(JavaValue*, methodHandle const&, JavaCallArguments*, Thread*)+0x216
V  [libjvm.dylib+0x41856d]  jni_invoke_static(JNIEnv_*, JavaValue*, _jobject*, JNICallType, _jmethodID*, JNI_ArgumentPusher*, Thread*)+0x12d
V  [libjvm.dylib+0x41ae0d]  jni_CallStaticVoidMethod+0x183
C  [java+0x5034]  JavaMain+0xb9f
C  [libsystem_pthread.dylib+0x3661]  _pthread_body+0x154
C  [libsystem_pthread.dylib+0x350d]  _pthread_body+0x0
C  [libsystem_pthread.dylib+0x2bf9]  thread_start+0xd
C  0x0000000000000000

Java frames: (J=compiled Java code, j=interpreted, Vv=VM code)
j  java.lang.StackStreamFactory$AbstractStackWalker.fetchStackFrames(JJII[Ljava/lang/Object;)I+0 java.base@10.0.2
j  java.lang.StackStreamFactory$AbstractStackWalker.fetchStackFrames(I)I+35 java.base@10.0.2
j  java.lang.StackStreamFactory$AbstractStackWalker.getNextBatch()I+61 java.base@10.0.2
j  java.lang.StackStreamFactory$AbstractStackWalker.peekFrame()Ljava/lang/Class;+32 java.base@10.0.2
j  java.lang.StackStreamFactory$AbstractStackWalker.hasNext()Z+1 java.base@10.0.2
j  java.lang.StackStreamFactory$StackFrameTraverser.tryAdvance(Ljava/util/function/Consumer;)Z+16 java.base@10.0.2
j  java.util.stream.ReferencePipeline.forEachWithCancel(Ljava/util/Spliterator;Ljava/util/stream/Sink;)Z+13 java.base@10.0.2
j  java.util.stream.AbstractPipeline.copyIntoWithCancel(Ljava/util/stream/Sink;Ljava/util/Spliterator;)Z+32 java.base@10.0.2
j  java.util.stream.AbstractPipeline.copyInto(Ljava/util/stream/Sink;Ljava/util/Spliterator;)V+49 java.base@10.0.2
J 1739 c1 java.util.stream.AbstractPipeline.wrapAndCopyInto(Ljava/util/stream/Sink;Ljava/util/Spliterator;)Ljava/util/stream/Sink; java.base@10.0.2 (18 bytes) @ 0x000000011cbca134 [0x000000011cbca000+0x0000000000000134]
j  java.util.stream.FindOps$FindOp.evaluateSequential(Ljava/util/stream/PipelineHelper;Ljava/util/Spliterator;)Ljava/lang/Object;+14 java.base@10.0.2
J 1746 c1 java.util.stream.AbstractPipeline.evaluate(Ljava/util/stream/TerminalOp;)Ljava/lang/Object; java.base@10.0.2 (94 bytes) @ 0x000000011cbcd9b4 [0x000000011cbcd560+0x0000000000000454]
j  java.util.stream.ReferencePipeline.findFirst()Ljava/util/Optional;+5 java.base@10.0.2
j  java.util.logging.LogRecord$CallerFinder.lambda$get$1(Ljava/util/stream/Stream;)Ljava/util/Optional;+7 java.logging@10.0.2
j  java.util.logging.LogRecord$CallerFinder$$Lambda$192.apply(Ljava/lang/Object;)Ljava/lang/Object;+8 java.logging@10.0.2
j  java.lang.StackStreamFactory$StackFrameTraverser.consumeFrames()Ljava/lang/Object;+25 java.base@10.0.2
j  java.lang.StackStreamFactory$AbstractStackWalker.doStackWalk(JIIII)Ljava/lang/Object;+78 java.base@10.0.2
v  ~StubRoutines::call_stub
j  java.lang.StackStreamFactory$AbstractStackWalker.callStackWalk(JIII[Ljava/lang/Object;)Ljava/lang/Object;+0 java.base@10.0.2
j  java.lang.StackStreamFactory$AbstractStackWalker.beginStackWalk()Ljava/lang/Object;+31 java.base@10.0.2
j  java.lang.StackStreamFactory$AbstractStackWalker.walk()Ljava/lang/Object;+8 java.base@10.0.2
j  java.lang.StackWalker.walk(Ljava/util/function/Function;)Ljava/lang/Object;+10 java.base@10.0.2
j  java.util.logging.LogRecord$CallerFinder.get()Ljava/util/Optional;+9 java.logging@10.0.2
j  java.util.logging.LogRecord.inferCaller()V+12 java.logging@10.0.2
j  java.util.logging.LogRecord.getSourceClassName()Ljava/lang/String;+8 java.logging@10.0.2
j  java.util.logging.SimpleFormatter.format(Ljava/util/logging/LogRecord;)Ljava/lang/String;+12 java.logging@10.0.2
j  java.util.logging.StreamHandler.publish(Ljava/util/logging/LogRecord;)V+14 java.logging@10.0.2
j  java.util.logging.ConsoleHandler.publish(Ljava/util/logging/LogRecord;)V+2 java.logging@10.0.2
j  java.util.logging.Logger.log(Ljava/util/logging/LogRecord;)V+90 java.logging@10.0.2
j  java.util.logging.Logger.doLog(Ljava/util/logging/LogRecord;)V+46 java.logging@10.0.2
j  java.util.logging.Logger.log(Ljava/util/logging/Level;Ljava/lang/String;)V+21 java.logging@10.0.2
j  java.util.logging.Logger.info(Ljava/lang/String;)V+5 java.logging@10.0.2
j  stepdefs.StepDefinitions.iLookUpAndReceiveTheWeatherForecast()V+283
v  ~StubRoutines::call_stub
j  jdk.internal.reflect.NativeMethodAccessorImpl.invoke0(Ljava/lang/reflect/Method;Ljava/lang/Object;[Ljava/lang/Object;)Ljava/lang/Object;+0 java.base@10.0.2
j  jdk.internal.reflect.NativeMethodAccessorImpl.invoke(Ljava/lang/Object;[Ljava/lang/Object;)Ljava/lang/Object;+100 java.base@10.0.2
j  jdk.internal.reflect.DelegatingMethodAccessorImpl.invoke(Ljava/lang/Object;[Ljava/lang/Object;)Ljava/lang/Object;+6 java.base@10.0.2
j  java.lang.reflect.Method.invoke(Ljava/lang/Object;[Ljava/lang/Object;)Ljava/lang/Object;+59 java.base@10.0.2
j  cucumber.runtime.Utils$1.call()Ljava/lang/Object;+28
j  cucumber.runtime.Timeout.timeout(Lcucumber/runtime/Timeout$Callback;J)Ljava/lang/Object;+7
j  cucumber.runtime.Utils.invoke(Ljava/lang/Object;Ljava/lang/reflect/Method;J[Ljava/lang/Object;)Ljava/lang/Object;+20
j  cucumber.runtime.java.JavaStepDefinition.execute(Lgherkin/I18n;[Ljava/lang/Object;)V+25
j  cucumber.runtime.StepDefinitionMatch.runStep(Lgherkin/I18n;)V+24
j  cucumber.runtime.Runtime.runStep(Ljava/lang/String;Lgherkin/formatter/model/Step;Lgherkin/formatter/Reporter;Lgherkin/I18n;)V+194
j  cucumber.runtime.model.StepContainer.runStep(Lgherkin/formatter/model/Step;Lgherkin/formatter/Reporter;Lcucumber/runtime/Runtime;)V+17
j  cucumber.runtime.model.StepContainer.runSteps(Lgherkin/formatter/Reporter;Lcucumber/runtime/Runtime;)V+35
j  cucumber.runtime.model.CucumberScenario.run(Lgherkin/formatter/Formatter;Lgherkin/formatter/Reporter;Lcucumber/runtime/Runtime;)V+52
j  cucumber.runtime.model.CucumberFeature.run(Lgherkin/formatter/Formatter;Lgherkin/formatter/Reporter;Lcucumber/runtime/Runtime;)V+58
j  cucumber.runtime.Runtime.run()V+95
j  cucumber.api.cli.Main.run([Ljava/lang/String;Ljava/lang/ClassLoader;)B+55
j  cucumber.api.cli.Main.main([Ljava/lang/String;)V+7
v  ~StubRoutines::call_stub

siginfo: si_signo: 11 (SIGSEGV), si_code: 1 (SEGV_MAPERR), si_addr: 0x0000000000000008

Register to memory mapping:

RAX=0x0000000000000010 is an unknown value
RBX=0x0000000000000000 is an unknown value
RCX=0x0000000000000016 is an unknown value
RDX=0x0000000000000000 is an unknown value
RSP=0x000000010df7a230 is pointing into the stack for thread: 0x00007fef7000d800
RBP=0x000000010df7a250 is pointing into the stack for thread: 0x00007fef7000d800
RSI=0x0000000000000010 is an unknown value
RDI=0x0000000747e0a820 is an oop
java.lang.invoke.ResolvedMethodName 
{0x0000000747e0a820} - klass: 'java/lang/invoke/ResolvedMethodName'
R8 =0x0000000133c11230 is pointing into metadata
R9 =0x0000000131a652b8 is pointing into metadata
R10=0x000000010f180548: _ZL8tc_mutex+0x18 in /Library/Java/JavaVirtualMachines/jdk-10.0.2.jdk/Contents/Home/lib/server/libjvm.dylib at 0x000000010e800000
R11=0x000000010f180550: _ZL8tc_mutex+0x20 in /Library/Java/JavaVirtualMachines/jdk-10.0.2.jdk/Contents/Home/lib/server/libjvm.dylib at 0x000000010e800000
R12=0x00007fef7000d800 is a thread
R13=0x0000000000000019 is an unknown value
R14=0x00007fef6f703000 is an unknown value
R15=0x00007fef74093478 is an unknown value


Registers:
RAX=0x0000000000000010, RBX=0x0000000000000000, RCX=0x0000000000000016, RDX=0x0000000000000000
RSP=0x000000010df7a230, RBP=0x000000010df7a250, RSI=0x0000000000000010, RDI=0x0000000747e0a820
R8 =0x0000000133c11230, R9 =0x0000000131a652b8, R10=0x000000010f180548, R11=0x000000010f180550
R12=0x00007fef7000d800, R13=0x0000000000000019, R14=0x00007fef6f703000, R15=0x00007fef74093478
RIP=0x000000010eea6231, EFLAGS=0x0000000000010206, ERR=0x0000000000000004
  TRAPNO=0x000000000000000e

Top of Stack: (sp=0x000000010df7a230)
0x000000010df7a230:   00007fef74093478 000000010df7a268
0x000000010df7a240:   000000010df7a348 00000007c00eeb80
0x000000010df7a250:   000000010df7a2a0 000000010ed0fb1d
0x000000010df7a260:   000000010df7a2a0 0000000131a68308
0x000000010df7a270:   00007fef7000d800 0000000131a68308
0x000000010df7a280:   000000010df7a348 0000000131a68308
0x000000010df7a290:   0000000000000001 00000007c00eeb80
0x000000010df7a2a0:   000000010df7a320 000000010ed0fa1e
0x000000010df7a2b0:   00000007c00eeb80 00007fef7000d800
0x000000010df7a2c0:   00007fef6f4159d0 000000000ea37924
0x000000010df7a2d0:   0000000131a68308 00007fef7000d800
0x000000010df7a2e0:   0000000131a68308 00007fef7000d800
0x000000010df7a2f0:   0000000131a68308 00007fef74093470
0x000000010df7a300:   000000010df7a440 00007fef7000d800
0x000000010df7a310:   00007fef7000d800 0000000747e0a5c0
0x000000010df7a320:   000000010df7a3c0 000000010ebde0e5
0x000000010df7a330:   000000010efcae9a 0000011b00000008
0x000000010df7a340:   00007fef74093468 00000007c00eeb80
0x000000010df7a350:   00000007c00eeb80 0000000131a68308
0x000000010df7a360:   00007fef7000d800 0000000131a68308
0x000000010df7a370:   00007fef7000d800 0000001900000001
0x000000010df7a380:   0000000000000000 0000000000000000
0x000000010df7a390:   0000000000000000 000000010df7a440
0x000000010df7a3a0:   0000000131a68308 000000010df7b238
0x000000010df7a3b0:   000000010eedb56a 00007fef7000d800
0x000000010df7a3c0:   000000010df7a650 000000010eedb27d
0x000000010df7a3d0:   618456937dee4e9d 0000000000000000
0x000000010df7a3e0:   1becddaa7a688b39 0000000000000000
0x000000010df7a3f0:   0000000000000000 0000000200000000
0x000000010df7a400:   000000010f13d3d0 0000000000000000
0x000000010df7a410:   0000000000000000 0000000c1c2ffc00
0x000000010df7a420:   00007fef6f415b60 000000010df7a674 

Instructions: (pc=0x000000010eea6231)
0x000000010eea6211:   79 18 0f b7 70 2e e8 10 72 d1 ff 48 89 c3 31 ff
0x000000010eea6221:   4d 85 ff 74 03 49 8b 3f 48 89 de e8 71 9c d3 ff
0x000000010eea6231:   48 8b 43 08 48 8b 40 08 48 8b 40 18 66 81 88 1a
0x000000010eea6241:   01 00 00 00 80 31 d2 4d 85 ff 48 8b 3d d6 86 31 


---------------  P R O C E S S  ---------------

Threads class SMR info:
_java_thread_list=0x00007fef7190f330, length=15, elements={
0x00007fef7000d800, 0x00007fef70819800, 0x00007fef70807800, 0x00007fef70049000,
0x00007fef7080d800, 0x00007fef70811000, 0x00007fef7004c000, 0x00007fef71025800,
0x00007fef6f8ec800, 0x00007fef7000c000, 0x00007fef70080000, 0x00007fef703af800,
0x00007fef703c6800, 0x00007fef71291000, 0x00007fef7094c000
}

Java Threads: ( => current thread )
=>0x00007fef7000d800 JavaThread "main" [_thread_in_vm, id=6147, stack(0x000000010de7e000,0x000000010df7e000)]
  0x00007fef70819800 JavaThread "Reference Handler" daemon [_thread_blocked, id=16643, stack(0x0000700010438000,0x0000700010538000)]
  0x00007fef70807800 JavaThread "Finalizer" daemon [_thread_blocked, id=16131, stack(0x000070001053b000,0x000070001063b000)]
  0x00007fef70049000 JavaThread "Signal Dispatcher" daemon [_thread_blocked, id=43011, stack(0x000070001063e000,0x000070001073e000)]
  0x00007fef7080d800 JavaThread "C2 CompilerThread0" daemon [_thread_blocked, id=22787, stack(0x0000700010741000,0x0000700010841000)]
  0x00007fef70811000 JavaThread "C2 CompilerThread1" daemon [_thread_blocked, id=41731, stack(0x0000700010844000,0x0000700010944000)]
  0x00007fef7004c000 JavaThread "C1 CompilerThread2" daemon [_thread_blocked, id=23555, stack(0x0000700010947000,0x0000700010a47000)]
  0x00007fef71025800 JavaThread "Sweeper thread" daemon [_thread_blocked, id=41475, stack(0x0000700010a4a000,0x0000700010b4a000)]
  0x00007fef6f8ec800 JavaThread "JDWP Event Helper Thread" daemon [_thread_blocked, id=25091, stack(0x0000700010c50000,0x0000700010d50000)]
  0x00007fef7000c000 JavaThread "Common-Cleaner" daemon [_thread_blocked, id=40195, stack(0x0000700010e56000,0x0000700010f56000)]
  0x00007fef70080000 JavaThread "Service Thread" daemon [_thread_blocked, id=26371, stack(0x0000700010f59000,0x0000700011059000)]
  0x00007fef703af800 JavaThread "Exec Default Executor" daemon [_thread_blocked, id=3847, stack(0x000070001115f000,0x000070001125f000)]
  0x00007fef703c6800 JavaThread "process reaper" daemon [_thread_in_native, id=39171, stack(0x000070000f70e000,0x000070000f732000)]
  0x00007fef71291000 JavaThread "Exec Stream Pumper" daemon [_thread_in_native, id=27395, stack(0x0000700011262000,0x0000700011362000)]
  0x00007fef7094c000 JavaThread "Exec Stream Pumper" daemon [_thread_in_native, id=27907, stack(0x0000700011365000,0x0000700011465000)]

Other Threads:
  0x00007fef6f891000 VMThread "VM Thread" [stack: 0x0000700010335000,0x0000700010435000] [id=17155]
  0x00007fef70894800 WatcherThread [stack: 0x000070001105c000,0x000070001115c000] [id=26627]
  0x00007fef6f811800 GCTaskThread "GC Thread#0" [stack: 0x000070000f814000,0x000070000f914000] [id=11523]
  0x00007fef6f812800 GCTaskThread "GC Thread#1" [stack: 0x000070000f917000,0x000070000fa17000] [id=12035]
  0x00007fef6f813000 GCTaskThread "GC Thread#2" [stack: 0x000070000fa1a000,0x000070000fb1a000] [id=21251]
  0x00007fef6f814000 GCTaskThread "GC Thread#3" [stack: 0x000070000fb1d000,0x000070000fc1d000] [id=20739]
  0x00007fef71009000 ConcurrentGCThread "G1 Main Marker" [stack: 0x000070000fc20000,0x000070000fd20000] [id=20227]
  0x00007fef71009800 ConcurrentGCThread "G1 Conc#0" [stack: 0x000070000fd23000,0x000070000fe23000] [id=19459]
  0x00007fef6f888000 ConcurrentGCThread "G1 Refine#0" [stack: 0x000070000fe26000,0x000070000ff26000] [id=19203]
  0x00007fef6f889000 ConcurrentGCThread "G1 Refine#1" [stack: 0x000070000ff29000,0x0000700010029000] [id=18691]
  0x00007fef70016800 ConcurrentGCThread "G1 Refine#2" [stack: 0x000070001002c000,0x000070001012c000] [id=18179]
  0x00007fef7100a800 ConcurrentGCThread "G1 Refine#3" [stack: 0x000070001012f000,0x000070001022f000] [id=17667]
  0x00007fef7100b000 ConcurrentGCThread "G1 Young RemSet Sampling" [stack: 0x0000700010232000,0x0000700010332000] [id=12803]

Threads with active compile tasks:

VM state:not at safepoint (normal execution)

VM Mutex/Monitor currently owned by a thread:  ([mutex/lock_event])
[0x00007fef6f703000] ResolvedMethodTable_lock - owner thread: 0x00007fef7000d800

Heap address: 0x0000000740000000, size: 2048 MB, Compressed Oops mode: Zero based, Oop shift amount: 3
Narrow klass base: 0x0000000000000000, Narrow klass shift: 3
Compressed class space size: 1073741824 Address: 0x00000007c0000000

Heap:
 garbage-first heap   total 131072K, used 23667K [0x0000000740000000, 0x00000007c0000000)
  region size 1024K, 12 young (12288K), 10 survivors (10240K)
 Metaspace       used 34773K, capacity 36136K, committed 36352K, reserved 1081344K
  class space    used 4118K, capacity 4701K, committed 4736K, reserved 1048576K
Heap Regions: E=young(eden), S=young(survivor), O=old, HS=humongous(starts), HC=humongous(continues), CS=collection set, F=free, A=archive, TS=gc time stamp, AC=allocation context, TAMS=top-at-mark-start (previous, next)
|   0|0x0000000740000000, 0x0000000740100000, 0x0000000740100000|100%| O|  |TS  0|AC  0|TAMS 0x0000000740100000, 0x0000000740100000|
|   1|0x0000000740100000, 0x0000000740200000, 0x0000000740200000|100%| O|  |TS  0|AC  0|TAMS 0x0000000740200000, 0x0000000740200000|
|   2|0x0000000740200000, 0x0000000740300000, 0x0000000740300000|100%| O|  |TS  0|AC  0|TAMS 0x0000000740300000, 0x0000000740300000|
|   3|0x0000000740300000, 0x0000000740400000, 0x0000000740400000|100%| O|  |TS  0|AC  0|TAMS 0x0000000740400000, 0x0000000740400000|
|   4|0x0000000740400000, 0x0000000740500000, 0x0000000740500000|100%| O|  |TS  0|AC  0|TAMS 0x0000000740500000, 0x0000000740500000|
|   5|0x0000000740500000, 0x0000000740600000, 0x0000000740600000|100%| O|  |TS  0|AC  0|TAMS 0x0000000740600000, 0x0000000740600000|
|   6|0x0000000740600000, 0x0000000740700000, 0x0000000740700000|100%| O|  |TS  0|AC  0|TAMS 0x0000000740700000, 0x0000000740700000|
|   7|0x0000000740700000, 0x0000000740800000, 0x0000000740800000|100%| O|  |TS  0|AC  0|TAMS 0x0000000740800000, 0x0000000740800000|
|   8|0x0000000740800000, 0x0000000740900000, 0x0000000740900000|100%| O|  |TS  0|AC  0|TAMS 0x0000000740900000, 0x0000000740900000|
|   9|0x0000000740900000, 0x0000000740a00000, 0x0000000740a00000|100%| O|  |TS  0|AC  0|TAMS 0x0000000740a00000, 0x0000000740a00000|
|  10|0x0000000740a00000, 0x0000000740b00000, 0x0000000740b00000|100%| O|  |TS  0|AC  0|TAMS 0x0000000740b00000, 0x0000000740b00000|
|  11|0x0000000740b00000, 0x0000000740b1cc00, 0x0000000740c00000| 11%| O|  |TS  0|AC  0|TAMS 0x0000000740b1cc00, 0x0000000740b1cc00|
|  12|0x0000000740c00000, 0x0000000740d00000, 0x0000000740d00000|100%| O|  |TS  0|AC  0|TAMS 0x0000000740d00000, 0x0000000740d00000|
|  13|0x0000000740d00000, 0x0000000740d00000, 0x0000000740e00000|  0%| F|  |TS  0|AC  0|TAMS 0x0000000740d00000, 0x0000000740d00000|
|  14|0x0000000740e00000, 0x0000000740e00000, 0x0000000740f00000|  0%| F|  |TS  0|AC  0|TAMS 0x0000000740e00000, 0x0000000740e00000|
|  15|0x0000000740f00000, 0x0000000740f00000, 0x0000000741000000|  0%| F|  |TS  0|AC  0|TAMS 0x0000000740f00000, 0x0000000740f00000|
|  16|0x0000000741000000, 0x0000000741000000, 0x0000000741100000|  0%| F|  |TS  0|AC  0|TAMS 0x0000000741000000, 0x0000000741000000|
|  17|0x0000000741100000, 0x0000000741100000, 0x0000000741200000|  0%| F|  |TS  0|AC  0|TAMS 0x0000000741100000, 0x0000000741100000|
|  18|0x0000000741200000, 0x0000000741200000, 0x0000000741300000|  0%| F|  |TS  0|AC  0|TAMS 0x0000000741200000, 0x0000000741200000|
|  19|0x0000000741300000, 0x0000000741300000, 0x0000000741400000|  0%| F|  |TS  0|AC  0|TAMS 0x0000000741300000, 0x0000000741300000|
|  20|0x0000000741400000, 0x0000000741400000, 0x0000000741500000|  0%| F|  |TS  0|AC  0|TAMS 0x0000000741400000, 0x0000000741400000|
|  21|0x0000000741500000, 0x0000000741500000, 0x0000000741600000|  0%| F|  |TS  0|AC  0|TAMS 0x0000000741500000, 0x0000000741500000|
|  22|0x0000000741600000, 0x0000000741600000, 0x0000000741700000|  0%| F|  |TS  0|AC  0|TAMS 0x0000000741600000, 0x0000000741600000|
|  23|0x0000000741700000, 0x0000000741700000, 0x0000000741800000|  0%| F|  |TS  0|AC  0|TAMS 0x0000000741700000, 0x0000000741700000|
|  24|0x0000000741800000, 0x0000000741800000, 0x0000000741900000|  0%| F|  |TS  0|AC  0|TAMS 0x0000000741800000, 0x0000000741800000|
|  25|0x0000000741900000, 0x0000000741900000, 0x0000000741a00000|  0%| F|  |TS  0|AC  0|TAMS 0x0000000741900000, 0x0000000741900000|
|  26|0x0000000741a00000, 0x0000000741a00000, 0x0000000741b00000|  0%| F|  |TS  0|AC  0|TAMS 0x0000000741a00000, 0x0000000741a00000|
|  27|0x0000000741b00000, 0x0000000741b00000, 0x0000000741c00000|  0%| F|  |TS  0|AC  0|TAMS 0x0000000741b00000, 0x0000000741b00000|
|  28|0x0000000741c00000, 0x0000000741c00000, 0x0000000741d00000|  0%| F|  |TS  0|AC  0|TAMS 0x0000000741c00000, 0x0000000741c00000|
|  29|0x0000000741d00000, 0x0000000741d00000, 0x0000000741e00000|  0%| F|  |TS  0|AC  0|TAMS 0x0000000741d00000, 0x0000000741d00000|
|  30|0x0000000741e00000, 0x0000000741e00000, 0x0000000741f00000|  0%| F|  |TS  0|AC  0|TAMS 0x0000000741e00000, 0x0000000741e00000|
|  31|0x0000000741f00000, 0x0000000741f00000, 0x0000000742000000|  0%| F|  |TS  0|AC  0|TAMS 0x0000000741f00000, 0x0000000741f00000|
|  32|0x0000000742000000, 0x0000000742000000, 0x0000000742100000|  0%| F|  |TS  0|AC  0|TAMS 0x0000000742000000, 0x0000000742000000|
|  33|0x0000000742100000, 0x0000000742100000, 0x0000000742200000|  0%| F|  |TS  0|AC  0|TAMS 0x0000000742100000, 0x0000000742100000|
|  34|0x0000000742200000, 0x0000000742200000, 0x0000000742300000|  0%| F|  |TS  0|AC  0|TAMS 0x0000000742200000, 0x0000000742200000|
|  35|0x0000000742300000, 0x0000000742300000, 0x0000000742400000|  0%| F|  |TS  0|AC  0|TAMS 0x0000000742300000, 0x0000000742300000|
|  36|0x0000000742400000, 0x0000000742400000, 0x0000000742500000|  0%| F|  |TS  0|AC  0|TAMS 0x0000000742400000, 0x0000000742400000|
|  37|0x0000000742500000, 0x0000000742500000, 0x0000000742600000|  0%| F|  |TS  0|AC  0|TAMS 0x0000000742500000, 0x0000000742500000|
|  38|0x0000000742600000, 0x0000000742600000, 0x0000000742700000|  0%| F|  |TS  0|AC  0|TAMS 0x0000000742600000, 0x0000000742600000|
|  39|0x0000000742700000, 0x0000000742700000, 0x0000000742800000|  0%| F|  |TS  0|AC  0|TAMS 0x0000000742700000, 0x0000000742700000|
|  40|0x0000000742800000, 0x0000000742800000, 0x0000000742900000|  0%| F|  |TS  0|AC  0|TAMS 0x0000000742800000, 0x0000000742800000|
|  41|0x0000000742900000, 0x0000000742900000, 0x0000000742a00000|  0%| F|  |TS  0|AC  0|TAMS 0x0000000742900000, 0x0000000742900000|
|  42|0x0000000742a00000, 0x0000000742a00000, 0x0000000742b00000|  0%| F|  |TS  0|AC  0|TAMS 0x0000000742a00000, 0x0000000742a00000|
|  43|0x0000000742b00000, 0x0000000742b00000, 0x0000000742c00000|  0%| F|  |TS  0|AC  0|TAMS 0x0000000742b00000, 0x0000000742b00000|
|  44|0x0000000742c00000, 0x0000000742c00000, 0x0000000742d00000|  0%| F|  |TS  0|AC  0|TAMS 0x0000000742c00000, 0x0000000742c00000|
|  45|0x0000000742d00000, 0x0000000742d00000, 0x0000000742e00000|  0%| F|  |TS  0|AC  0|TAMS 0x0000000742d00000, 0x0000000742d00000|
|  46|0x0000000742e00000, 0x0000000742e00000, 0x0000000742f00000|  0%| F|  |TS  0|AC  0|TAMS 0x0000000742e00000, 0x0000000742e00000|
|  47|0x0000000742f00000, 0x0000000742f00000, 0x0000000743000000|  0%| F|  |TS  0|AC  0|TAMS 0x0000000742f00000, 0x0000000742f00000|
|  48|0x0000000743000000, 0x0000000743000000, 0x0000000743100000|  0%| F|  |TS  0|AC  0|TAMS 0x0000000743000000, 0x0000000743000000|
|  49|0x0000000743100000, 0x0000000743100000, 0x0000000743200000|  0%| F|  |TS  0|AC  0|TAMS 0x0000000743100000, 0x0000000743100000|
|  50|0x0000000743200000, 0x0000000743200000, 0x0000000743300000|  0%| F|  |TS  0|AC  0|TAMS 0x0000000743200000, 0x0000000743200000|
|  51|0x0000000743300000, 0x0000000743300000, 0x0000000743400000|  0%| F|  |TS  0|AC  0|TAMS 0x0000000743300000, 0x0000000743300000|
|  52|0x0000000743400000, 0x0000000743500000, 0x0000000743500000|100%| S|CS|TS  0|AC  0|TAMS 0x0000000743400000, 0x0000000743400000|
|  53|0x0000000743500000, 0x0000000743600000, 0x0000000743600000|100%| S|CS|TS  0|AC  0|TAMS 0x0000000743500000, 0x0000000743500000|
|  54|0x0000000743600000, 0x0000000743700000, 0x0000000743700000|100%| S|CS|TS  0|AC  0|TAMS 0x0000000743600000, 0x0000000743600000|
|  55|0x0000000743700000, 0x0000000743800000, 0x0000000743800000|100%| S|CS|TS  0|AC  0|TAMS 0x0000000743700000, 0x0000000743700000|
|  56|0x0000000743800000, 0x0000000743900000, 0x0000000743900000|100%| S|CS|TS  0|AC  0|TAMS 0x0000000743800000, 0x0000000743800000|
|  57|0x0000000743900000, 0x0000000743a00000, 0x0000000743a00000|100%| S|CS|TS  0|AC  0|TAMS 0x0000000743900000, 0x0000000743900000|
|  58|0x0000000743a00000, 0x0000000743b00000, 0x0000000743b00000|100%| S|CS|TS  0|AC  0|TAMS 0x0000000743a00000, 0x0000000743a00000|
|  59|0x0000000743b00000, 0x0000000743c00000, 0x0000000743c00000|100%| S|CS|TS  0|AC  0|TAMS 0x0000000743b00000, 0x0000000743b00000|
|  60|0x0000000743c00000, 0x0000000743d00000, 0x0000000743d00000|100%| S|CS|TS  0|AC  0|TAMS 0x0000000743c00000, 0x0000000743c00000|
|  61|0x0000000743d00000, 0x0000000743e00000, 0x0000000743e00000|100%| S|CS|TS  0|AC  0|TAMS 0x0000000743d00000, 0x0000000743d00000|
|  62|0x0000000743e00000, 0x0000000743e00000, 0x0000000743f00000|  0%| F|  |TS  0|AC  0|TAMS 0x0000000743e00000, 0x0000000743e00000|
|  63|0x0000000743f00000, 0x0000000743f00000, 0x0000000744000000|  0%| F|  |TS  0|AC  0|TAMS 0x0000000743f00000, 0x0000000743f00000|
|  64|0x0000000744000000, 0x0000000744000000, 0x0000000744100000|  0%| F|  |TS  0|AC  0|TAMS 0x0000000744000000, 0x0000000744000000|
|  65|0x0000000744100000, 0x0000000744100000, 0x0000000744200000|  0%| F|  |TS  0|AC  0|TAMS 0x0000000744100000, 0x0000000744100000|
|  66|0x0000000744200000, 0x0000000744200000, 0x0000000744300000|  0%| F|  |TS  0|AC  0|TAMS 0x0000000744200000, 0x0000000744200000|
|  67|0x0000000744300000, 0x0000000744300000, 0x0000000744400000|  0%| F|  |TS  0|AC  0|TAMS 0x0000000744300000, 0x0000000744300000|
|  68|0x0000000744400000, 0x0000000744400000, 0x0000000744500000|  0%| F|  |TS  0|AC  0|TAMS 0x0000000744400000, 0x0000000744400000|
|  69|0x0000000744500000, 0x0000000744500000, 0x0000000744600000|  0%| F|  |TS  0|AC  0|TAMS 0x0000000744500000, 0x0000000744500000|
|  70|0x0000000744600000, 0x0000000744600000, 0x0000000744700000|  0%| F|  |TS  0|AC  0|TAMS 0x0000000744600000, 0x0000000744600000|
|  71|0x0000000744700000, 0x0000000744700000, 0x0000000744800000|  0%| F|  |TS  0|AC  0|TAMS 0x0000000744700000, 0x0000000744700000|
|  72|0x0000000744800000, 0x0000000744800000, 0x0000000744900000|  0%| F|  |TS  0|AC  0|TAMS 0x0000000744800000, 0x0000000744800000|
|  73|0x0000000744900000, 0x0000000744900000, 0x0000000744a00000|  0%| F|  |TS  0|AC  0|TAMS 0x0000000744900000, 0x0000000744900000|
|  74|0x0000000744a00000, 0x0000000744a00000, 0x0000000744b00000|  0%| F|  |TS  0|AC  0|TAMS 0x0000000744a00000, 0x0000000744a00000|
|  75|0x0000000744b00000, 0x0000000744b00000, 0x0000000744c00000|  0%| F|  |TS  0|AC  0|TAMS 0x0000000744b00000, 0x0000000744b00000|
|  76|0x0000000744c00000, 0x0000000744c00000, 0x0000000744d00000|  0%| F|  |TS  0|AC  0|TAMS 0x0000000744c00000, 0x0000000744c00000|
|  77|0x0000000744d00000, 0x0000000744d00000, 0x0000000744e00000|  0%| F|  |TS  0|AC  0|TAMS 0x0000000744d00000, 0x0000000744d00000|
|  78|0x0000000744e00000, 0x0000000744e00000, 0x0000000744f00000|  0%| F|  |TS  0|AC  0|TAMS 0x0000000744e00000, 0x0000000744e00000|
|  79|0x0000000744f00000, 0x0000000744f00000, 0x0000000745000000|  0%| F|  |TS  0|AC  0|TAMS 0x0000000744f00000, 0x0000000744f00000|
|  80|0x0000000745000000, 0x0000000745000000, 0x0000000745100000|  0%| F|  |TS  0|AC  0|TAMS 0x0000000745000000, 0x0000000745000000|
|  81|0x0000000745100000, 0x0000000745100000, 0x0000000745200000|  0%| F|  |TS  0|AC  0|TAMS 0x0000000745100000, 0x0000000745100000|
|  82|0x0000000745200000, 0x0000000745200000, 0x0000000745300000|  0%| F|  |TS  0|AC  0|TAMS 0x0000000745200000, 0x0000000745200000|
|  83|0x0000000745300000, 0x0000000745300000, 0x0000000745400000|  0%| F|  |TS  0|AC  0|TAMS 0x0000000745300000, 0x0000000745300000|
|  84|0x0000000745400000, 0x0000000745400000, 0x0000000745500000|  0%| F|  |TS  0|AC  0|TAMS 0x0000000745400000, 0x0000000745400000|
|  85|0x0000000745500000, 0x0000000745500000, 0x0000000745600000|  0%| F|  |TS  0|AC  0|TAMS 0x0000000745500000, 0x0000000745500000|
|  86|0x0000000745600000, 0x0000000745600000, 0x0000000745700000|  0%| F|  |TS  0|AC  0|TAMS 0x0000000745600000, 0x0000000745600000|
|  87|0x0000000745700000, 0x0000000745700000, 0x0000000745800000|  0%| F|  |TS  0|AC  0|TAMS 0x0000000745700000, 0x0000000745700000|
|  88|0x0000000745800000, 0x0000000745800000, 0x0000000745900000|  0%| F|  |TS  0|AC  0|TAMS 0x0000000745800000, 0x0000000745800000|
|  89|0x0000000745900000, 0x0000000745900000, 0x0000000745a00000|  0%| F|  |TS  0|AC  0|TAMS 0x0000000745900000, 0x0000000745900000|
|  90|0x0000000745a00000, 0x0000000745a00000, 0x0000000745b00000|  0%| F|  |TS  0|AC  0|TAMS 0x0000000745a00000, 0x0000000745a00000|
|  91|0x0000000745b00000, 0x0000000745b00000, 0x0000000745c00000|  0%| F|  |TS  0|AC  0|TAMS 0x0000000745b00000, 0x0000000745b00000|
|  92|0x0000000745c00000, 0x0000000745c00000, 0x0000000745d00000|  0%| F|  |TS  0|AC  0|TAMS 0x0000000745c00000, 0x0000000745c00000|
|  93|0x0000000745d00000, 0x0000000745d00000, 0x0000000745e00000|  0%| F|  |TS  0|AC  0|TAMS 0x0000000745d00000, 0x0000000745d00000|
|  94|0x0000000745e00000, 0x0000000745e00000, 0x0000000745f00000|  0%| F|  |TS  0|AC  0|TAMS 0x0000000745e00000, 0x0000000745e00000|
|  95|0x0000000745f00000, 0x0000000745f00000, 0x0000000746000000|  0%| F|  |TS  0|AC  0|TAMS 0x0000000745f00000, 0x0000000745f00000|
|  96|0x0000000746000000, 0x0000000746000000, 0x0000000746100000|  0%| F|  |TS  0|AC  0|TAMS 0x0000000746000000, 0x0000000746000000|
|  97|0x0000000746100000, 0x0000000746100000, 0x0000000746200000|  0%| F|  |TS  0|AC  0|TAMS 0x0000000746100000, 0x0000000746100000|
|  98|0x0000000746200000, 0x0000000746200000, 0x0000000746300000|  0%| F|  |TS  0|AC  0|TAMS 0x0000000746200000, 0x0000000746200000|
|  99|0x0000000746300000, 0x0000000746300000, 0x0000000746400000|  0%| F|  |TS  0|AC  0|TAMS 0x0000000746300000, 0x0000000746300000|
| 100|0x0000000746400000, 0x0000000746400000, 0x0000000746500000|  0%| F|  |TS  0|AC  0|TAMS 0x0000000746400000, 0x0000000746400000|
| 101|0x0000000746500000, 0x0000000746500000, 0x0000000746600000|  0%| F|  |TS  0|AC  0|TAMS 0x0000000746500000, 0x0000000746500000|
| 102|0x0000000746600000, 0x0000000746600000, 0x0000000746700000|  0%| F|  |TS  0|AC  0|TAMS 0x0000000746600000, 0x0000000746600000|
| 103|0x0000000746700000, 0x0000000746700000, 0x0000000746800000|  0%| F|  |TS  0|AC  0|TAMS 0x0000000746700000, 0x0000000746700000|
| 104|0x0000000746800000, 0x0000000746800000, 0x0000000746900000|  0%| F|  |TS  0|AC  0|TAMS 0x0000000746800000, 0x0000000746800000|
| 105|0x0000000746900000, 0x0000000746900000, 0x0000000746a00000|  0%| F|  |TS  0|AC  0|TAMS 0x0000000746900000, 0x0000000746900000|
| 106|0x0000000746a00000, 0x0000000746a00000, 0x0000000746b00000|  0%| F|  |TS  0|AC  0|TAMS 0x0000000746a00000, 0x0000000746a00000|
| 107|0x0000000746b00000, 0x0000000746b00000, 0x0000000746c00000|  0%| F|  |TS  0|AC  0|TAMS 0x0000000746b00000, 0x0000000746b00000|
| 108|0x0000000746c00000, 0x0000000746c00000, 0x0000000746d00000|  0%| F|  |TS  0|AC  0|TAMS 0x0000000746c00000, 0x0000000746c00000|
| 109|0x0000000746d00000, 0x0000000746d00000, 0x0000000746e00000|  0%| F|  |TS  0|AC  0|TAMS 0x0000000746d00000, 0x0000000746d00000|
| 110|0x0000000746e00000, 0x0000000746e00000, 0x0000000746f00000|  0%| F|  |TS  0|AC  0|TAMS 0x0000000746e00000, 0x0000000746e00000|
| 111|0x0000000746f00000, 0x0000000746f00000, 0x0000000747000000|  0%| F|  |TS  0|AC  0|TAMS 0x0000000746f00000, 0x0000000746f00000|
| 112|0x0000000747000000, 0x0000000747000000, 0x0000000747100000|  0%| F|  |TS  0|AC  0|TAMS 0x0000000747000000, 0x0000000747000000|
| 113|0x0000000747100000, 0x0000000747100000, 0x0000000747200000|  0%| F|  |TS  0|AC  0|TAMS 0x0000000747100000, 0x0000000747100000|
| 114|0x0000000747200000, 0x0000000747200000, 0x0000000747300000|  0%| F|  |TS  0|AC  0|TAMS 0x0000000747200000, 0x0000000747200000|
| 115|0x0000000747300000, 0x0000000747300000, 0x0000000747400000|  0%| F|  |TS  0|AC  0|TAMS 0x0000000747300000, 0x0000000747300000|
| 116|0x0000000747400000, 0x0000000747400000, 0x0000000747500000|  0%| F|  |TS  0|AC  0|TAMS 0x0000000747400000, 0x0000000747400000|
| 117|0x0000000747500000, 0x0000000747500000, 0x0000000747600000|  0%| F|  |TS  0|AC  0|TAMS 0x0000000747500000, 0x0000000747500000|
| 118|0x0000000747600000, 0x0000000747600000, 0x0000000747700000|  0%| F|  |TS  0|AC  0|TAMS 0x0000000747600000, 0x0000000747600000|
| 119|0x0000000747700000, 0x0000000747700000, 0x0000000747800000|  0%| F|  |TS  0|AC  0|TAMS 0x0000000747700000, 0x0000000747700000|
| 120|0x0000000747800000, 0x0000000747800000, 0x0000000747900000|  0%| F|  |TS  0|AC  0|TAMS 0x0000000747800000, 0x0000000747800000|
| 121|0x0000000747900000, 0x0000000747900000, 0x0000000747a00000|  0%| F|  |TS  0|AC  0|TAMS 0x0000000747900000, 0x0000000747900000|
| 122|0x0000000747a00000, 0x0000000747a00000, 0x0000000747b00000|  0%| F|  |TS  0|AC  0|TAMS 0x0000000747a00000, 0x0000000747a00000|
| 123|0x0000000747b00000, 0x0000000747b00000, 0x0000000747c00000|  0%| F|  |TS  0|AC  0|TAMS 0x0000000747b00000, 0x0000000747b00000|
| 124|0x0000000747c00000, 0x0000000747c00000, 0x0000000747d00000|  0%| F|  |TS  0|AC  0|TAMS 0x0000000747c00000, 0x0000000747c00000|
| 125|0x0000000747d00000, 0x0000000747d00000, 0x0000000747e00000|  0%| F|  |TS  0|AC  0|TAMS 0x0000000747d00000, 0x0000000747d00000|
| 126|0x0000000747e00000, 0x0000000747e80800, 0x0000000747f00000| 50%| E|  |TS  0|AC  0|TAMS 0x0000000747e00000, 0x0000000747e00000|
| 127|0x0000000747f00000, 0x0000000748000000, 0x0000000748000000|100%| E|CS|TS  0|AC  0|TAMS 0x0000000747f00000, 0x0000000747f00000|

Card table byte_map: [0x000000011b32a000,0x000000011b72a000] byte_map_base: 0x000000011792a000

Marking Bits (Prev, Next): (CMBitMap*) 0x00007fef71008260, (CMBitMap*) 0x00007fef71008298
 Prev Bits: [0x000000012b2c7000, 0x000000012d2c7000)
 Next Bits: [0x000000012d2c7000, 0x000000012f2c7000)

Polling page: 0x000000010dfc2000

CodeHeap 'non-profiled nmethods': size=120032Kb used=953Kb max_used=1131Kb free=119078Kb
 bounds [0x0000000123d8f000, 0x0000000123fff000, 0x000000012b2c7000]
CodeHeap 'profiled nmethods': size=120032Kb used=3879Kb max_used=4712Kb free=116152Kb
 bounds [0x000000011c857000, 0x000000011ccf7000, 0x0000000123d8f000]
CodeHeap 'non-nmethods': size=5696Kb used=2244Kb max_used=2275Kb free=3451Kb
 bounds [0x000000011c2c7000, 0x000000011c537000, 0x000000011c857000]
 total_blobs=3537 nmethods=1958 adapters=681
 compilation: enabled

Compilation events (10 events):
Event: 371.998 Thread 0x00007fef7004c000 nmethod 2268 0x000000011c858c90 code [0x000000011c858e40, 0x000000011c858fb0]
Event: 371.998 Thread 0x00007fef7004c000 2269       1       java.time.format.DateTimeParseContext::isStrict (5 bytes)
Event: 371.998 Thread 0x00007fef7004c000 nmethod 2269 0x0000000123d91b90 code [0x0000000123d91d40, 0x0000000123d91e50]
Event: 371.999 Thread 0x00007fef70811000 2270       4       java.util.HashMap::containsKey (18 bytes)
Event: 372.000 Thread 0x00007fef7004c000 2271       3       java.util.HashMap::remove (26 bytes)
Event: 372.000 Thread 0x00007fef7004c000 nmethod 2271 0x000000011c858590 code [0x000000011c858780, 0x000000011c858b38]
Event: 372.001 Thread 0x00007fef7004c000 2272       3       java.time.format.DecimalStyle::convertToDigit (23 bytes)
Event: 372.001 Thread 0x00007fef7004c000 nmethod 2272 0x000000011c858190 code [0x000000011c858340, 0x000000011c858530]
Event: 372.003 Thread 0x00007fef7004c000 2273       3       java.time.format.DateTimeFormatterBuilder::appendInternal (97 bytes)
Event: 372.004 Thread 0x00007fef7004c000 nmethod 2273 0x000000011c859590 code [0x000000011c8597a0, 0x000000011c859d58]

GC Heap History (10 events):
Event: 3.694 GC heap before
{Heap before GC invocations=1 (full 0):
 garbage-first heap   total 131072K, used 16898K [0x0000000740000000, 0x00000007c0000000)
  region size 1024K, 14 young (14336K), 2 survivors (2048K)
 Metaspace       used 12297K, capacity 12516K, committed 12672K, reserved 1060864K
  class space    used 1312K, capacity 1383K, committed 1408K, reserved 1048576K
}
Event: 3.701 GC heap after
{Heap after GC invocations=2 (full 0):
 garbage-first heap   total 131072K, used 6221K [0x0000000740000000, 0x00000007c0000000)
  region size 1024K, 2 young (2048K), 2 survivors (2048K)
 Metaspace       used 12297K, capacity 12516K, committed 12672K, reserved 1060864K
  class space    used 1312K, capacity 1383K, committed 1408K, reserved 1048576K
}
Event: 6.381 GC heap before
{Heap before GC invocations=2 (full 0):
 garbage-first heap   total 131072K, used 33869K [0x0000000740000000, 0x00000007c0000000)
  region size 1024K, 29 young (29696K), 2 survivors (2048K)
 Metaspace       used 18920K, capacity 19247K, committed 19712K, reserved 1067008K
  class space    used 2099K, capacity 2219K, committed 2304K, reserved 1048576K
}
Event: 6.395 GC heap after
{Heap after GC invocations=3 (full 0):
 garbage-first heap   total 131072K, used 8847K [0x0000000740000000, 0x00000007c0000000)
  region size 1024K, 4 young (4096K), 4 survivors (4096K)
 Metaspace       used 18920K, capacity 19247K, committed 19712K, reserved 1067008K
  class space    used 2099K, capacity 2219K, committed 2304K, reserved 1048576K
}
Event: 6.975 GC heap before
{Heap before GC invocations=3 (full 0):
 garbage-first heap   total 131072K, used 18063K [0x0000000740000000, 0x00000007c0000000)
  region size 1024K, 14 young (14336K), 4 survivors (4096K)
 Metaspace       used 20628K, capacity 21024K, committed 21248K, reserved 1069056K
  class space    used 2355K, capacity 2517K, committed 2560K, reserved 1048576K
}
Event: 6.986 GC heap after
{Heap after GC invocations=4 (full 0):
 garbage-first heap   total 131072K, used 9470K [0x0000000740000000, 0x00000007c0000000)
  region size 1024K, 4 young (4096K), 4 survivors (4096K)
 Metaspace       used 20628K, capacity 21024K, committed 21248K, reserved 1069056K
  class space    used 2355K, capacity 2517K, committed 2560K, reserved 1048576K
}
Event: 17.438 GC heap before
{Heap before GC invocations=5 (full 0):
 garbage-first heap   total 131072K, used 52478K [0x0000000740000000, 0x00000007c0000000)
  region size 1024K, 41 young (41984K), 4 survivors (4096K)
 Metaspace       used 27995K, capacity 28439K, committed 28928K, reserved 1075200K
  class space    used 3106K, capacity 3285K, committed 3328K, reserved 1048576K
}
Event: 17.452 GC heap after
{Heap after GC invocations=6 (full 0):
 garbage-first heap   total 131072K, used 13652K [0x0000000740000000, 0x00000007c0000000)
  region size 1024K, 6 young (6144K), 6 survivors (6144K)
 Metaspace       used 27995K, capacity 28439K, committed 28928K, reserved 1075200K
  class space    used 3106K, capacity 3285K, committed 3328K, reserved 1048576K
}
Event: 54.278 GC heap before
{Heap before GC invocations=6 (full 0):
 garbage-first heap   total 131072K, used 74068K [0x0000000740000000, 0x00000007c0000000)
  region size 1024K, 66 young (67584K), 6 survivors (6144K)
 Metaspace       used 34402K, capacity 35800K, committed 35840K, reserved 1081344K
  class space    used 4084K, capacity 4696K, committed 4736K, reserved 1048576K
}
Event: 54.321 GC heap after
{Heap after GC invocations=7 (full 0):
 garbage-first heap   total 131072K, used 22643K [0x0000000740000000, 0x00000007c0000000)
  region size 1024K, 10 young (10240K), 10 survivors (10240K)
 Metaspace       used 34402K, capacity 35800K, committed 35840K, reserved 1081344K
  class space    used 4084K, capacity 4696K, committed 4736K, reserved 1048576K
}

Deoptimization events (10 events):
Event: 8.984 Thread 0x00007fef7000d800 Uncommon trap: reason=unstable_if action=reinterpret pc=0x0000000123e4fd6c method=jdk.internal.org.objectweb.asm.Item.isEqualTo(Ljdk/internal/org/objectweb/asm/Item;)Z @ 331 c2
Event: 9.438 Thread 0x00007fef7000d800 Uncommon trap: reason=unstable_if action=reinterpret pc=0x0000000123e527d4 method=java.util.regex.Matcher.reset()Ljava/util/regex/Matcher; @ 71 c2
Event: 9.588 Thread 0x00007fef7000d800 Uncommon trap: reason=unstable_if action=reinterpret pc=0x0000000123e387c8 method=java.lang.String.regionMatches(ZILjava/lang/String;II)Z @ 77 c2
Event: 9.588 Thread 0x00007fef7000d800 Uncommon trap: reason=unstable_if action=reinterpret pc=0x0000000123dba660 method=java.lang.CharacterData.of(I)Ljava/lang/CharacterData; @ 4 c2
Event: 9.698 Thread 0x00007fef7000d800 Uncommon trap: reason=unstable_if action=reinterpret pc=0x0000000123e22290 method=java.util.HashMap.hash(Ljava/lang/Object;)I @ 1 c2
Event: 9.922 Thread 0x00007fef7000d800 Uncommon trap: reason=unstable_if action=reinterpret pc=0x0000000123e32e30 method=java.io.BufferedReader.readLine(Z)Ljava/lang/String; @ 160 c2
Event: 9.922 Thread 0x00007fef7000d800 Uncommon trap: reason=unstable_if action=reinterpret pc=0x0000000123e3054c method=java.io.BufferedReader.readLine(Z)Ljava/lang/String; @ 22 c2
Event: 10.406 Thread 0x00007fef7000d800 Uncommon trap: reason=bimorphic_or_optimized_type_check action=maybe_recompile pc=0x0000000123e2dc78 method=java.util.HashMap.putVal(ILjava/lang/Object;Ljava/lang/Object;ZZ)Ljava/lang/Object; @ 91 c2
Event: 10.406 Thread 0x00007fef7000d800 Uncommon trap: reason=bimorphic_or_optimized_type_check action=maybe_recompile pc=0x0000000123e2dd64 method=java.util.HashMap.putVal(ILjava/lang/Object;Ljava/lang/Object;ZZ)Ljava/lang/Object; @ 203 c2
Event: 10.407 Thread 0x00007fef7000d800 Uncommon trap: reason=bimorphic_or_optimized_type_check action=maybe_recompile pc=0x0000000123e2dd64 method=java.util.HashMap.putVal(ILjava/lang/Object;Ljava/lang/Object;ZZ)Ljava/lang/Object; @ 203 c2

Classes redefined (2 events):
Event: 118.451 Thread 0x00007fef6f891000 redefined class name=stepdefs.StepDefinitions, count=1
Event: 368.681 Thread 0x00007fef6f891000 redefined class name=stepdefs.StepDefinitions, count=2

Internal exceptions (10 events):
Event: 45.161 Thread 0x00007fef7000d800 Exception <a 'java/lang/ClassNotFoundException'{0x0000000744b9f858}: groovy/lang/BindingBeanInfo> (0x0000000744b9f858) thrown at [/scratch/mesos/slaves/9190d864-6621-4810-ba08-d8d8c75ba674-S34/frameworks/1735e8a2-a1db-478c-8104-60c8b0af87dd-0196/executors
Event: 45.175 Thread 0x00007fef7000d800 Exception <a 'java/lang/ClassNotFoundException'{0x0000000744ba7828}: groovy/lang/BindingCustomizer> (0x0000000744ba7828) thrown at [/scratch/mesos/slaves/9190d864-6621-4810-ba08-d8d8c75ba674-S34/frameworks/1735e8a2-a1db-478c-8104-60c8b0af87dd-0196/executo
Event: 45.264 Thread 0x00007fef7000d800 Exception <a 'java/lang/ClassNotFoundException'{0x0000000744bd7790}: groovy/lang/GroovyShellBeanInfo> (0x0000000744bd7790) thrown at [/scratch/mesos/slaves/9190d864-6621-4810-ba08-d8d8c75ba674-S34/frameworks/1735e8a2-a1db-478c-8104-60c8b0af87dd-0196/execu
Event: 45.280 Thread 0x00007fef7000d800 Exception <a 'java/lang/ClassNotFoundException'{0x0000000744bdf828}: groovy/lang/GroovyShellCustomizer> (0x0000000744bdf828) thrown at [/scratch/mesos/slaves/9190d864-6621-4810-ba08-d8d8c75ba674-S34/frameworks/1735e8a2-a1db-478c-8104-60c8b0af87dd-0196/exe
Event: 47.818 Thread 0x00007fef7000d800 Exception <a 'java/lang/ClassNotFoundException'{0x0000000744183f78}: Script1BeanInfo> (0x0000000744183f78) thrown at [/scratch/mesos/slaves/9190d864-6621-4810-ba08-d8d8c75ba674-S34/frameworks/1735e8a2-a1db-478c-8104-60c8b0af87dd-0196/executors/f87b4890-24
Event: 47.846 Thread 0x00007fef7000d800 Exception <a 'java/lang/ClassNotFoundException'{0x000000074418c188}: groovy/lang/ScriptBeanInfo> (0x000000074418c188) thrown at [/scratch/mesos/slaves/9190d864-6621-4810-ba08-d8d8c75ba674-S34/frameworks/1735e8a2-a1db-478c-8104-60c8b0af87dd-0196/executors/
Event: 47.872 Thread 0x00007fef7000d800 Exception <a 'java/lang/ClassNotFoundException'{0x0000000744194920}: groovy/lang/ScriptCustomizer> (0x0000000744194920) thrown at [/scratch/mesos/slaves/9190d864-6621-4810-ba08-d8d8c75ba674-S34/frameworks/1735e8a2-a1db-478c-8104-60c8b0af87dd-0196/executor
Event: 47.954 Thread 0x00007fef7000d800 Exception <a 'java/lang/ClassNotFoundException'{0x00000007441aa8f0}: Script1Customizer> (0x00000007441aa8f0) thrown at [/scratch/mesos/slaves/9190d864-6621-4810-ba08-d8d8c75ba674-S34/frameworks/1735e8a2-a1db-478c-8104-60c8b0af87dd-0196/executors/f87b4890-
Event: 54.438 Thread 0x00007fef7000d800 Exception <a 'java/lang/ClassNotFoundException'{0x0000000747f1fb88}: Script1BeanInfo> (0x0000000747f1fb88) thrown at [/scratch/mesos/slaves/9190d864-6621-4810-ba08-d8d8c75ba674-S34/frameworks/1735e8a2-a1db-478c-8104-60c8b0af87dd-0196/executors/f87b4890-24
Event: 54.467 Thread 0x00007fef7000d800 Exception <a 'java/lang/ClassNotFoundException'{0x0000000747f29f30}: Script1Customizer> (0x0000000747f29f30) thrown at [/scratch/mesos/slaves/9190d864-6621-4810-ba08-d8d8c75ba674-S34/frameworks/1735e8a2-a1db-478c-8104-60c8b0af87dd-0196/executors/f87b4890-

Events (10 events):
Event: 371.992 Thread 0x00007fef7092a000 Thread exited: 0x00007fef7092a000
Event: 371.992 Executing VM operation: ChangeBreakpoints
Event: 371.992 Executing VM operation: ChangeBreakpoints done
Event: 371.993 Executing VM operation: ChangeBreakpoints
Event: 371.993 Executing VM operation: ChangeBreakpoints done
Event: 371.993 Executing VM operation: ChangeBreakpoints
Event: 371.993 Executing VM operation: ChangeBreakpoints done
Event: 371.993 Executing VM operation: ChangeBreakpoints
Event: 371.993 Executing VM operation: ChangeBreakpoints done
Event: 371.999 Thread 0x00007fef71095800 Thread exited: 0x00007fef71095800


Dynamic libraries:
0x00007fff2beab000 	/System/Library/Frameworks/Cocoa.framework/Versions/A/Cocoa
0x00007fff384c7000 	/System/Library/Frameworks/Security.framework/Versions/A/Security
0x00007fff2aaec000 	/System/Library/Frameworks/ApplicationServices.framework/Versions/A/ApplicationServices
0x00007fff543ff000 	/usr/lib/libz.1.dylib
0x00007fff52330000 	/usr/lib/libSystem.B.dylib
0x00007fff2c65e000 	/System/Library/Frameworks/CoreFoundation.framework/Versions/A/CoreFoundation
0x00007fff2e7c0000 	/System/Library/Frameworks/Foundation.framework/Versions/C/Foundation
0x00007fff539e9000 	/usr/lib/libobjc.A.dylib
0x00007fff29c3c000 	/System/Library/Frameworks/AppKit.framework/Versions/C/AppKit
0x00007fff2c223000 	/System/Library/Frameworks/CoreData.framework/Versions/A/CoreData
0x00007fff4bbe9000 	/System/Library/PrivateFrameworks/RemoteViewServices.framework/Versions/A/RemoteViewServices
0x00007fff50362000 	/System/Library/PrivateFrameworks/UIFoundation.framework/Versions/A/UIFoundation
0x00007fff409dd000 	/System/Library/PrivateFrameworks/DFRFoundation.framework/Versions/A/DFRFoundation
0x00007fff30e2d000 	/System/Library/Frameworks/Metal.framework/Versions/A/Metal
0x00007fff40b7a000 	/System/Library/PrivateFrameworks/DesktopServicesPriv.framework/Versions/A/DesktopServicesPriv
0x00007fff52f36000 	/usr/lib/libenergytrace.dylib
0x00007fff4e3ce000 	/System/Library/PrivateFrameworks/SkyLight.framework/Versions/A/SkyLight
0x00007fff2cb01000 	/System/Library/Frameworks/CoreGraphics.framework/Versions/A/CoreGraphics
0x00007fff5232b000 	/usr/lib/libScreenReader.dylib
0x00007fff28bd6000 	/System/Library/Frameworks/Accelerate.framework/Versions/A/Accelerate
0x00007fff2ef3b000 	/System/Library/Frameworks/IOSurface.framework/Versions/A/IOSurface
0x00007fff2b036000 	/System/Library/Frameworks/AudioToolbox.framework/Versions/A/AudioToolbox
0x00007fff2b2c6000 	/System/Library/Frameworks/AudioUnit.framework/Versions/A/AudioUnit
0x00007fff40a75000 	/System/Library/PrivateFrameworks/DataDetectorsCore.framework/Versions/A/DataDetectorsCore
0x00007fff2b99e000 	/System/Library/Frameworks/Carbon.framework/Versions/A/Frameworks/HIToolbox.framework/Versions/A/HIToolbox
0x00007fff53090000 	/usr/lib/libicucore.A.dylib
0x00007fff37a45000 	/System/Library/Frameworks/QuartzCore.framework/Versions/A/QuartzCore
0x00007fff4d670000 	/System/Library/PrivateFrameworks/SignpostNotification.framework/Versions/A/SignpostNotification
0x00007fff2bd84000 	/System/Library/Frameworks/Carbon.framework/Versions/A/Frameworks/SpeechRecognition.framework/Versions/A/SpeechRecognition
0x00007fff5248c000 	/usr/lib/libauto.dylib
0x00007fff542ee000 	/usr/lib/libxml2.2.dylib
0x00007fff4062d000 	/System/Library/PrivateFrameworks/CoreUI.framework/Versions/A/CoreUI
0x00007fff2c0ff000 	/System/Library/Frameworks/CoreAudio.framework/Versions/A/CoreAudio
0x00007fff2e5fa000 	/System/Library/Frameworks/DiskArbitration.framework/Versions/A/DiskArbitration
0x00007fff53304000 	/usr/lib/liblangid.dylib
0x00007fff480e8000 	/System/Library/PrivateFrameworks/MultitouchSupport.framework/Versions/A/MultitouchSupport
0x00007fff2ee9d000 	/System/Library/Frameworks/IOKit.framework/Versions/A/IOKit
0x00007fff51fba000 	/usr/lib/libDiagnosticMessagesClient.dylib
0x00007fff2d7d7000 	/System/Library/Frameworks/CoreServices.framework/Versions/A/CoreServices
0x00007fff49c21000 	/System/Library/PrivateFrameworks/PerformanceAnalysis.framework/Versions/A/PerformanceAnalysis
0x00007fff36be7000 	/System/Library/Frameworks/OpenGL.framework/Versions/A/OpenGL
0x00007fff2beb9000 	/System/Library/Frameworks/ColorSync.framework/Versions/A/ColorSync
0x00007fff2d113000 	/System/Library/Frameworks/CoreImage.framework/Versions/A/CoreImage
0x00007fff2e168000 	/System/Library/Frameworks/CoreText.framework/Versions/A/CoreText
0x00007fff2ef99000 	/System/Library/Frameworks/ImageIO.framework/Versions/A/ImageIO
0x00007fff3d2d9000 	/System/Library/PrivateFrameworks/Backup.framework/Versions/A/Backup
0x00007fff523dc000 	/usr/lib/libarchive.2.dylib
0x00007fff2b5e9000 	/System/Library/Frameworks/CFNetwork.framework/Versions/A/CFNetwork
0x00007fff38c5a000 	/System/Library/Frameworks/SystemConfiguration.framework/Versions/A/SystemConfiguration
0x00007fff51ee3000 	/usr/lib/libCRFSuite.dylib
0x00007fff52565000 	/usr/lib/libc++.1.dylib
0x00007fff525bc000 	/usr/lib/libc++abi.dylib
0x00007fff544ad000 	/usr/lib/system/libcache.dylib
0x00007fff544b2000 	/usr/lib/system/libcommonCrypto.dylib
0x00007fff544bd000 	/usr/lib/system/libcompiler_rt.dylib
0x00007fff544c5000 	/usr/lib/system/libcopyfile.dylib
0x00007fff544cf000 	/usr/lib/system/libcorecrypto.dylib
0x00007fff545dc000 	/usr/lib/system/libdispatch.dylib
0x00007fff54616000 	/usr/lib/system/libdyld.dylib
0x00007fff54634000 	/usr/lib/system/libkeymgr.dylib
0x00007fff54642000 	/usr/lib/system/liblaunch.dylib
0x00007fff54643000 	/usr/lib/system/libmacho.dylib
0x00007fff54648000 	/usr/lib/system/libquarantine.dylib
0x00007fff5464b000 	/usr/lib/system/libremovefile.dylib
0x00007fff5464d000 	/usr/lib/system/libsystem_asl.dylib
0x00007fff54665000 	/usr/lib/system/libsystem_blocks.dylib
0x00007fff54666000 	/usr/lib/system/libsystem_c.dylib
0x00007fff546f0000 	/usr/lib/system/libsystem_configuration.dylib
0x00007fff546f4000 	/usr/lib/system/libsystem_coreservices.dylib
0x00007fff546f8000 	/usr/lib/system/libsystem_darwin.dylib
0x00007fff546fa000 	/usr/lib/system/libsystem_dnssd.dylib
0x00007fff54701000 	/usr/lib/system/libsystem_info.dylib
0x00007fff54772000 	/usr/lib/system/libsystem_m.dylib
0x00007fff547be000 	/usr/lib/system/libsystem_malloc.dylib
0x00007fff547de000 	/usr/lib/system/libsystem_network.dylib
0x00007fff5490f000 	/usr/lib/system/libsystem_networkextension.dylib
0x00007fff5491a000 	/usr/lib/system/libsystem_notify.dylib
0x00007fff54938000 	/usr/lib/system/libsystem_sandbox.dylib
0x00007fff5493c000 	/usr/lib/system/libsystem_secinit.dylib
0x00007fff5474b000 	/usr/lib/system/libsystem_kernel.dylib
0x00007fff54924000 	/usr/lib/system/libsystem_platform.dylib
0x00007fff5492c000 	/usr/lib/system/libsystem_pthread.dylib
0x00007fff5493e000 	/usr/lib/system/libsystem_symptoms.dylib
0x00007fff54946000 	/usr/lib/system/libsystem_trace.dylib
0x00007fff5495b000 	/usr/lib/system/libunwind.dylib
0x00007fff54961000 	/usr/lib/system/libxpc.dylib
0x00007fff51df6000 	/usr/lib/closure/libclosured.dylib
0x00007fff52546000 	/usr/lib/libbsm.0.dylib
0x00007fff54635000 	/usr/lib/system/libkxld.dylib
0x00007fff521f4000 	/usr/lib/libOpenScriptingUtil.dylib
0x00007fff528b5000 	/usr/lib/libcoretls.dylib
0x00007fff528ce000 	/usr/lib/libcoretls_cfhelpers.dylib
0x00007fff53dea000 	/usr/lib/libpam.2.dylib
0x00007fff53f11000 	/usr/lib/libsqlite3.dylib
0x00007fff542dd000 	/usr/lib/libxar.1.dylib
0x00007fff52557000 	/usr/lib/libbz2.1.0.dylib
0x00007fff53306000 	/usr/lib/liblzma.5.dylib
0x00007fff537e7000 	/usr/lib/libnetwork.dylib
0x00007fff523c5000 	/usr/lib/libapple_nghttp2.dylib
0x00007fff53df1000 	/usr/lib/libpcap.A.dylib
0x00007fff5248d000 	/usr/lib/libboringssl.dylib
0x00007fff54278000 	/usr/lib/libusrtcp.dylib
0x00007fff523c4000 	/usr/lib/libapple_crypto.dylib
0x00007fff2db5a000 	/System/Library/Frameworks/CoreServices.framework/Versions/A/Frameworks/FSEvents.framework/Versions/A/FSEvents
0x00007fff2d84d000 	/System/Library/Frameworks/CoreServices.framework/Versions/A/Frameworks/CarbonCore.framework/Versions/A/CarbonCore
0x00007fff2dd22000 	/System/Library/Frameworks/CoreServices.framework/Versions/A/Frameworks/Metadata.framework/Versions/A/Metadata
0x00007fff2ddd3000 	/System/Library/Frameworks/CoreServices.framework/Versions/A/Frameworks/OSServices.framework/Versions/A/OSServices
0x00007fff2de34000 	/System/Library/Frameworks/CoreServices.framework/Versions/A/Frameworks/SearchKit.framework/Versions/A/SearchKit
0x00007fff2d7d8000 	/System/Library/Frameworks/CoreServices.framework/Versions/A/Frameworks/AE.framework/Versions/A/AE
0x00007fff2db63000 	/System/Library/Frameworks/CoreServices.framework/Versions/A/Frameworks/LaunchServices.framework/Versions/A/LaunchServices
0x00007fff2db25000 	/System/Library/Frameworks/CoreServices.framework/Versions/A/Frameworks/DictionaryServices.framework/Versions/A/DictionaryServices
0x00007fff2dea3000 	/System/Library/Frameworks/CoreServices.framework/Versions/A/Frameworks/SharedFileList.framework/Versions/A/SharedFileList
0x00007fff32063000 	/System/Library/Frameworks/NetFS.framework/Versions/A/NetFS
0x00007fff48379000 	/System/Library/PrivateFrameworks/NetAuth.framework/Versions/A/NetAuth
0x00007fff51c8d000 	/System/Library/PrivateFrameworks/login.framework/Versions/A/Frameworks/loginsupport.framework/Versions/A/loginsupport
0x00007fff4ffdf000 	/System/Library/PrivateFrameworks/TCC.framework/Versions/A/TCC
0x00007fff533e7000 	/usr/lib/libmecabra.dylib
0x00007fff2aaed000 	/System/Library/Frameworks/ApplicationServices.framework/Versions/A/Frameworks/ATS.framework/Versions/A/ATS
0x00007fff2ae9b000 	/System/Library/Frameworks/ApplicationServices.framework/Versions/A/Frameworks/ColorSyncLegacy.framework/Versions/A/ColorSyncLegacy
0x00007fff2af3f000 	/System/Library/Frameworks/ApplicationServices.framework/Versions/A/Frameworks/HIServices.framework/Versions/A/HIServices
0x00007fff2af92000 	/System/Library/Frameworks/ApplicationServices.framework/Versions/A/Frameworks/LangAnalysis.framework/Versions/A/LangAnalysis
0x00007fff2afa1000 	/System/Library/Frameworks/ApplicationServices.framework/Versions/A/Frameworks/PrintCore.framework/Versions/A/PrintCore
0x00007fff2afee000 	/System/Library/Frameworks/ApplicationServices.framework/Versions/A/Frameworks/QD.framework/Versions/A/QD
0x00007fff2b029000 	/System/Library/Frameworks/ApplicationServices.framework/Versions/A/Frameworks/SpeechSynthesis.framework/Versions/A/SpeechSynthesis
0x00007fff2c57a000 	/System/Library/Frameworks/CoreDisplay.framework/Versions/A/CoreDisplay
0x00007fff28bee000 	/System/Library/Frameworks/Accelerate.framework/Versions/A/Frameworks/vImage.framework/Versions/A/vImage
0x00007fff29948000 	/System/Library/Frameworks/Accelerate.framework/Versions/A/Frameworks/vecLib.framework/Versions/A/vecLib
0x00007fff296e8000 	/System/Library/Frameworks/Accelerate.framework/Versions/A/Frameworks/vecLib.framework/Versions/A/libvDSP.dylib
0x00007fff29248000 	/System/Library/Frameworks/Accelerate.framework/Versions/A/Frameworks/vecLib.framework/Versions/A/libBNNS.dylib
0x00007fff2964d000 	/System/Library/Frameworks/Accelerate.framework/Versions/A/Frameworks/vecLib.framework/Versions/A/libQuadrature.dylib
0x00007fff29896000 	/System/Library/Frameworks/Accelerate.framework/Versions/A/Frameworks/vecLib.framework/Versions/A/libvMisc.dylib
0x00007fff29277000 	/System/Library/Frameworks/Accelerate.framework/Versions/A/Frameworks/vecLib.framework/Versions/A/libLAPACK.dylib
0x00007fff290ed000 	/System/Library/Frameworks/Accelerate.framework/Versions/A/Frameworks/vecLib.framework/Versions/A/libBLAS.dylib
0x00007fff29637000 	/System/Library/Frameworks/Accelerate.framework/Versions/A/Frameworks/vecLib.framework/Versions/A/libLinearAlgebra.dylib
0x00007fff29653000 	/System/Library/Frameworks/Accelerate.framework/Versions/A/Frameworks/vecLib.framework/Versions/A/libSparse.dylib
0x00007fff296d4000 	/System/Library/Frameworks/Accelerate.framework/Versions/A/Frameworks/vecLib.framework/Versions/A/libSparseBLAS.dylib
0x00007fff451b9000 	/System/Library/PrivateFrameworks/GPUWrangler.framework/Versions/A/GPUWrangler
0x00007fff4694a000 	/System/Library/PrivateFrameworks/IOAccelerator.framework/Versions/A/IOAccelerator
0x00007fff46955000 	/System/Library/PrivateFrameworks/IOPresentment.framework/Versions/A/IOPresentment
0x00007fff409ef000 	/System/Library/PrivateFrameworks/DSExternalDisplay.framework/Versions/A/DSExternalDisplay
0x00007fff36066000 	/System/Library/Frameworks/OpenGL.framework/Versions/A/Libraries/libCoreFSCache.dylib
0x00007fff2e2b9000 	/System/Library/Frameworks/CoreVideo.framework/Versions/A/CoreVideo
0x00007fff45f34000 	/System/Library/PrivateFrameworks/GraphVisualizer.framework/Versions/A/GraphVisualizer
0x00007fff31064000 	/System/Library/Frameworks/MetalPerformanceShaders.framework/Versions/A/MetalPerformanceShaders
0x00007fff51ff2000 	/usr/lib/libFosl_dynamic.dylib
0x00007fff41ac3000 	/System/Library/PrivateFrameworks/FaceCore.framework/Versions/A/FaceCore
0x00007fff34e61000 	/System/Library/Frameworks/OpenCL.framework/Versions/A/OpenCL
0x00007fff525f3000 	/usr/lib/libcompression.dylib
0x00007fff2abec000 	/System/Library/Frameworks/ApplicationServices.framework/Versions/A/Frameworks/ATS.framework/Versions/A/Resources/libFontParser.dylib
0x00007fff2ad0f000 	/System/Library/Frameworks/ApplicationServices.framework/Versions/A/Frameworks/ATS.framework/Versions/A/Resources/libFontRegistry.dylib
0x00007fff2f201000 	/System/Library/Frameworks/ImageIO.framework/Versions/A/Resources/libJPEG.dylib
0x00007fff2f52a000 	/System/Library/Frameworks/ImageIO.framework/Versions/A/Resources/libTIFF.dylib
0x00007fff2f500000 	/System/Library/Frameworks/ImageIO.framework/Versions/A/Resources/libPng.dylib
0x00007fff2f114000 	/System/Library/Frameworks/ImageIO.framework/Versions/A/Resources/libGIF.dylib
0x00007fff2f119000 	/System/Library/Frameworks/ImageIO.framework/Versions/A/Resources/libJP2.dylib
0x00007fff2f527000 	/System/Library/Frameworks/ImageIO.framework/Versions/A/Resources/libRadiance.dylib
0x00007fff3ca03000 	/System/Library/PrivateFrameworks/AppleJPEG.framework/Versions/A/AppleJPEG
0x00007fff30ecb000 	/System/Library/Frameworks/MetalPerformanceShaders.framework/Frameworks/MPSCore.framework/Versions/A/MPSCore
0x00007fff30ee7000 	/System/Library/Frameworks/MetalPerformanceShaders.framework/Frameworks/MPSImage.framework/Versions/A/MPSImage
0x00007fff30f7c000 	/System/Library/Frameworks/MetalPerformanceShaders.framework/Frameworks/MPSNeuralNetwork.framework/Versions/A/MPSNeuralNetwork
0x00007fff30f57000 	/System/Library/Frameworks/MetalPerformanceShaders.framework/Frameworks/MPSMatrix.framework/Versions/A/MPSMatrix
0x00007fff47e4b000 	/System/Library/PrivateFrameworks/MetalTools.framework/Versions/A/MetalTools
0x00007fff36231000 	/System/Library/Frameworks/OpenGL.framework/Versions/A/Libraries/libGLU.dylib
0x00007fff36071000 	/System/Library/Frameworks/OpenGL.framework/Versions/A/Libraries/libGFXShared.dylib
0x00007fff3607b000 	/System/Library/Frameworks/OpenGL.framework/Versions/A/Libraries/libGL.dylib
0x00007fff36087000 	/System/Library/Frameworks/OpenGL.framework/Versions/A/Libraries/libGLImage.dylib
0x00007fff36063000 	/System/Library/Frameworks/OpenGL.framework/Versions/A/Libraries/libCVMSPluginSupport.dylib
0x00007fff3606c000 	/System/Library/Frameworks/OpenGL.framework/Versions/A/Libraries/libCoreVMClient.dylib
0x00007fff52da0000 	/usr/lib/libcups.2.dylib
0x00007fff30432000 	/System/Library/Frameworks/Kerberos.framework/Versions/A/Kerberos
0x00007fff2ebf7000 	/System/Library/Frameworks/GSS.framework/Versions/A/GSS
0x00007fff53ea4000 	/usr/lib/libresolv.9.dylib
0x00007fff52f9e000 	/usr/lib/libiconv.2.dylib
0x00007fff45fc6000 	/System/Library/PrivateFrameworks/Heimdal.framework/Versions/A/Heimdal
0x00007fff52f6d000 	/usr/lib/libheimdal-asn1.dylib
0x00007fff34ed9000 	/System/Library/Frameworks/OpenDirectory.framework/Versions/A/OpenDirectory
0x00007fff3ed1a000 	/System/Library/PrivateFrameworks/CommonAuth.framework/Versions/A/CommonAuth
0x00007fff34ebc000 	/System/Library/Frameworks/OpenDirectory.framework/Versions/A/Frameworks/CFOpenDirectory.framework/Versions/A/CFOpenDirectory
0x00007fff387f3000 	/System/Library/Frameworks/SecurityFoundation.framework/Versions/A/SecurityFoundation
0x00007fff3bbc7000 	/System/Library/PrivateFrameworks/APFS.framework/Versions/A/APFS
0x00007fff542d9000 	/usr/lib/libutil.dylib
0x00007fff3ca86000 	/System/Library/PrivateFrameworks/AppleSauce.framework/Versions/A/AppleSauce
0x00007fff47132000 	/System/Library/PrivateFrameworks/LinguisticData.framework/Versions/A/LinguisticData
0x00007fff53320000 	/usr/lib/libmarisa.dylib
0x00007fff470ec000 	/System/Library/PrivateFrameworks/Lexicon.framework/Versions/A/Lexicon
0x00007fff51f1d000 	/usr/lib/libChineseTokenizer.dylib
0x00007fff525e2000 	/usr/lib/libcmph.dylib
0x00007fff46ff6000 	/System/Library/PrivateFrameworks/LanguageModeling.framework/Versions/A/LanguageModeling
0x00007fff3f837000 	/System/Library/PrivateFrameworks/CoreEmoji.framework/Versions/A/CoreEmoji
0x00007fff388b1000 	/System/Library/Frameworks/ServiceManagement.framework/Versions/A/ServiceManagement
0x00007fff3d2d1000 	/System/Library/PrivateFrameworks/BackgroundTaskManagement.framework/Versions/A/BackgroundTaskManagement
0x00007fff543d6000 	/usr/lib/libxslt.1.dylib
0x00007fff2bcae000 	/System/Library/Frameworks/Carbon.framework/Versions/A/Frameworks/Ink.framework/Versions/A/Ink
0x00007fff501f4000 	/System/Library/PrivateFrameworks/TextureIO.framework/Versions/A/TextureIO
0x00007fff52407000 	/usr/lib/libate.dylib
0x00007fff4094e000 	/System/Library/PrivateFrameworks/CrashReporterSupport.framework/Versions/A/CrashReporterSupport
0x00007fff4d530000 	/System/Library/PrivateFrameworks/Sharing.framework/Versions/A/Sharing
0x00007fff46d37000 	/System/Library/PrivateFrameworks/IconServices.framework/Versions/A/IconServices
0x00007fff3cf01000 	/System/Library/PrivateFrameworks/AuthKit.framework/Versions/A/AuthKit
0x00007fff3c886000 	/System/Library/PrivateFrameworks/Apple80211.framework/Versions/A/Apple80211
0x00007fff40763000 	/System/Library/PrivateFrameworks/CoreUtils.framework/Versions/A/CoreUtils
0x00007fff2e2f4000 	/System/Library/Frameworks/CoreWLAN.framework/Versions/A/CoreWLAN
0x00007fff2ed39000 	/System/Library/Frameworks/IOBluetooth.framework/Versions/A/IOBluetooth
0x00007fff4b9f0000 	/System/Library/PrivateFrameworks/ProtocolBuffer.framework/Versions/A/ProtocolBuffer
0x00007fff48043000 	/System/Library/PrivateFrameworks/MobileKeyBag.framework/Versions/A/MobileKeyBag
0x00007fff3ffdb000 	/System/Library/PrivateFrameworks/CorePhoneNumbers.framework/Versions/A/CorePhoneNumbers
0x00007fff3c9be000 	/System/Library/PrivateFrameworks/AppleIDAuthSupport.framework/Versions/A/AppleIDAuthSupport
0x00007fff46fe2000 	/System/Library/PrivateFrameworks/KeychainCircle.framework/Versions/A/KeychainCircle
0x00007fff408e9000 	/System/Library/PrivateFrameworks/CoreWiFi.framework/Versions/A/CoreWiFi
0x00007fff2c1f9000 	/System/Library/Frameworks/CoreBluetooth.framework/Versions/A/CoreBluetooth
0x00007fff40b39000 	/System/Library/PrivateFrameworks/DebugSymbols.framework/Versions/A/DebugSymbols
0x00007fff40519000 	/System/Library/PrivateFrameworks/CoreSymbolication.framework/Versions/A/CoreSymbolication
0x00007fff4f9e6000 	/System/Library/PrivateFrameworks/Symbolication.framework/Versions/A/Symbolication
0x00007fff3c8b0000 	/System/Library/PrivateFrameworks/AppleFSCompression.framework/Versions/A/AppleFSCompression
0x00007fff4ee33000 	/System/Library/PrivateFrameworks/SpeechRecognitionCore.framework/Versions/A/SpeechRecognitionCore
0x000000010e800000 	/Library/Java/JavaVirtualMachines/jdk-10.0.2.jdk/Contents/Home/lib/server/libjvm.dylib
0x00007fff541a6000 	/usr/lib/libstdc++.6.0.9.dylib
0x000000010df80000 	/Library/Java/JavaVirtualMachines/jdk-10.0.2.jdk/Contents/Home/lib/libverify.dylib
0x000000010df8d000 	/Library/Java/JavaVirtualMachines/jdk-10.0.2.jdk/Contents/Home/lib/libjava.dylib
0x000000010f5a0000 	/Library/Java/JavaVirtualMachines/jdk-10.0.2.jdk/Contents/Home/lib/libjdwp.dylib
0x000000010dfc4000 	/Library/Java/JavaVirtualMachines/jdk-10.0.2.jdk/Contents/Home/lib/libinstrument.dylib
0x000000010dfe8000 	/Library/Java/JavaVirtualMachines/jdk-10.0.2.jdk/Contents/Home/lib/libzip.dylib
0x000000010dff0000 	/Library/Java/JavaVirtualMachines/jdk-10.0.2.jdk/Contents/Home/lib/libjimage.dylib
0x000000011c1c9000 	/Library/Java/JavaVirtualMachines/jdk-10.0.2.jdk/Contents/Home/lib/libdt_socket.dylib
0x000000011c20e000 	/Library/Java/JavaVirtualMachines/jdk-10.0.2.jdk/Contents/Home/lib/libnio.dylib
0x0000000131b86000 	/Library/Java/JavaVirtualMachines/jdk-10.0.2.jdk/Contents/Home/lib/./libnet.dylib
0x0000000132499000 	/Library/Java/JavaVirtualMachines/jdk-10.0.2.jdk/Contents/Home/lib/libsunec.dylib


VM Arguments:
jvm_args: -agentlib:jdwp=transport=dt_socket,address=127.0.0.1:53735,suspend=y,server=n -Dorg.jetbrains.run.directory=/Users/Q-Assure/Downloads/acessHq/src/test/resources/features -javaagent:/Users/Q-Assure/Library/Caches/IdeaIC2018.2/captureAgent/debugger-agent.jar=file:/private/var/folders/f6/vf2y3lw10y14fh1nz7pn5slc0000gq/T/capture.props -Dfile.encoding=UTF-8 
java_command: cucumber.api.cli.Main --plugin org.jetbrains.plugins.cucumber.java.run.CucumberJvmSMFormatter --monochrome --glue stepdefs /Users/Q-Assure/Downloads/acessHq/src/test/resources/features/Weather.feature
java_class_path (initial): /Users/Q-Assure/Downloads/acessHq/target/test-classes:/Users/Q-Assure/.m2/repository/info/cukes/cucumber-java/1.2.5/cucumber-java-1.2.5.jar:/Users/Q-Assure/.m2/repository/info/cukes/cucumber-core/1.2.5/cucumber-core-1.2.5.jar:/Users/Q-Assure/.m2/repository/info/cukes/cucumber-html/0.2.3/cucumber-html-0.2.3.jar:/Users/Q-Assure/.m2/repository/info/cukes/gherkin/2.12.2/gherkin-2.12.2.jar:/Users/Q-Assure/.m2/repository/log4j/log4j/1.2.17/log4j-1.2.17.jar:/Users/Q-Assure/.m2/repository/javax/xml/bind/jaxb-api/2.3.0/jaxb-api-2.3.0.jar:/Users/Q-Assure/.m2/repository/info/cukes/cucumber-jvm-deps/1.0.5/cucumber-jvm-deps-1.0.5.jar:/Users/Q-Assure/.m2/repository/com/jayway/restassured/rest-assured/2.9.0/rest-assured-2.9.0.jar:/Users/Q-Assure/.m2/repository/org/codehaus/groovy/groovy/2.4.4/groovy-2.4.4.jar:/Users/Q-Assure/.m2/repository/org/codehaus/groovy/groovy-xml/2.4.4/groovy-xml-2.4.4.jar:/Users/Q-Assure/.m2/repository/org/apache/httpcomponents/httpclient/4.5.1/httpclient-4.5.1.jar:/Users/Q-Assure/.m2/repository/org/apache/httpcomponents/httpmime/4.5.1/httpmime-4.5.1.jar:/Users/Q-Assure/.m2/repository/org/hamcrest/hamcrest-core/1.3/hamcrest-core-1.3.jar:/Users/Q-Assure/.m2/repository/org/hamcrest/hamcrest-library/1.3/hamcrest-library-1.3.jar:/Users/Q-Assure/.m2/repository/org/ccil/cowan/tagsoup/tagsoup/1.2.1/tagsoup-1.2.1.jar:/Users/Q-Assure/.m2/repository/com/jayway/restassured/json-path/2.9.0/json-path-2.9.0.jar:/Users/Q-Assure/.m2/repository/org/codehaus/groovy/groovy-json/2.4.4/groovy-json-2.4.4.jar:/Users/Q-Assure/.m2/repository/com/jayway/restassured/rest-assured-common/2.9.0/rest-assured-common-2.9.0.jar:/Users/Q-Assure/.m2/repository/com/jayway/restassured/xml-path/2.9.0/xml-path-2.9.0.jar:/Users/Q-Assure/.m2/repository/info/cukes/cucumber-testng/1.2.5/cucumber-testng-1.2.5.jar:/Users/Q-Assure/.m2/repository/org/testng/testng/6.9.8/testng-6.9.8.jar:/Users/Q-Assure/.m2/repository/org/beanshell/bsh/2.0b4/bsh-2.0b4.jar:/Users/Q-Assure/.m2/
Launcher Type: SUN_STANDARD

Logging:
Log output configuration:
#0: stdout all=warning uptime,level,tags
#1: stderr all=off uptime,level,tags

Environment Variables:
PATH=/usr/local/bin:/usr/bin:/bin:/usr/sbin:/sbin
SHELL=/bin/bash

Signal Handlers:
SIGSEGV: [libjvm.dylib+0x79ac14], sa_mask[0]=11111111011111110111111111111111, sa_flags=SA_ONSTACK|SA_RESTART|SA_SIGINFO
SIGBUS: [libjvm.dylib+0x79ac14], sa_mask[0]=11111111011111110111111111111111, sa_flags=SA_RESTART|SA_SIGINFO
SIGFPE: [libjvm.dylib+0x79ac14], sa_mask[0]=11111111011111110111111111111111, sa_flags=SA_RESTART|SA_SIGINFO
SIGPIPE: [libjvm.dylib+0x635960], sa_mask[0]=11111111011111110111111111111111, sa_flags=SA_RESTART|SA_SIGINFO
SIGXFSZ: [libjvm.dylib+0x635960], sa_mask[0]=11111111011111110111111111111111, sa_flags=SA_RESTART|SA_SIGINFO
SIGILL: [libjvm.dylib+0x79ac14], sa_mask[0]=11111111011111110111111111111111, sa_flags=SA_RESTART|SA_SIGINFO
SIGUSR2: [libjvm.dylib+0x6361f0], sa_mask[0]=00100000000000000000000000000000, sa_flags=SA_RESTART|SA_SIGINFO
SIGHUP: [libjvm.dylib+0x6349db], sa_mask[0]=11111111011111110111111111111111, sa_flags=SA_RESTART|SA_SIGINFO
SIGINT: [libjvm.dylib+0x6349db], sa_mask[0]=11111111011111110111111111111111, sa_flags=SA_RESTART|SA_SIGINFO
SIGTERM: [libjvm.dylib+0x6349db], sa_mask[0]=11111111011111110111111111111111, sa_flags=SA_RESTART|SA_SIGINFO
SIGQUIT: [libjvm.dylib+0x6349db], sa_mask[0]=11111111011111110111111111111111, sa_flags=SA_RESTART|SA_SIGINFO


---------------  S Y S T E M  ---------------

OS:uname:Darwin 17.7.0 Darwin Kernel Version 17.7.0: Thu Dec 20 21:47:19 PST 2018; root:xnu-4570.71.22~1/RELEASE_X86_64 x86_64
rlimit: STACK 8192k, CORE 0k, NPROC 709, NOFILE 10240, AS infinity, DATA infinity, FSIZE infinity
load average:6.83 6.15 5.76

CPU:total 4 (initial active 4) (2 cores per cpu, 2 threads per core) family 6 model 61 stepping 4, cmov, cx8, fxsr, mmx, sse, sse2, sse3, ssse3, sse4.1, sse4.2, popcnt, avx, avx2, aes, clmul, erms, 3dnowpref, lzcnt, ht, tsc, tscinvbit, bmi1, bmi2, adx, fma

Memory: 4k page, physical 8388608k(31404k free)

vm_info: Java HotSpot(TM) 64-Bit Server VM (10.0.2+13) for bsd-amd64 JRE (10.0.2+13), built on Jun 28 2018 00:49:51 by "mach5one" with gcc 4.2.1 Compatible Apple LLVM 6.1.0 (clang-602.0.49)

END.
